1673982672836	geckodriver	INFO	Listening on 127.0.0.1:54154
1673982673198	mozrunner::runner	INFO	Running command: "/Applications/Firefox.app/Contents/MacOS/firefox-bin" "--marionette" "--remote-debugging-port" "54155" "--remote-allow-hosts" "localhost" "-foreground" "-no-remote" "-profile" "/var/folders/kl/77dw97d55y1_kplchw9htctc0000gn/T/rust_mozprofile7jOgPl"
1673982674714	Marionette	INFO	Marionette enabled
1673982674918	Marionette	INFO	Listening on port 54164
Read port: 54164
WebDriver BiDi listening on ws://127.0.0.1:54155
1673982675066	RemoteAgent	WARN	TLS certificate errors will be ignored for this session
console.warn: SearchSettings: "get: No settings file exists, new profile?" (new NotFoundError("Could not open the file at /var/folders/kl/77dw97d55y1_kplchw9htctc0000gn/T/rust_mozprofile7jOgPl/search.json.mozlz4", (void 0)))
DevTools listening on ws://127.0.0.1:54155/devtools/browser/513c03ee-52ea-45ec-afe5-f9c8a7d3fa97
1673982708763	geckodriver	INFO	Listening on 127.0.0.1:54206
1673982709268	mozrunner::runner	INFO	Running command: "/Applications/Firefox.app/Contents/MacOS/firefox-bin" "--marionette" "--remote-debugging-port" "54207" "--remote-allow-hosts" "localhost" "-foreground" "-no-remote" "-profile" "/var/folders/kl/77dw97d55y1_kplchw9htctc0000gn/T/rust_mozprofileHHVcoN"
1673982709779	Marionette	INFO	Marionette enabled
1673982709977	Marionette	INFO	Listening on port 54214
Read port: 54214
WebDriver BiDi listening on ws://127.0.0.1:54207
1673982710094	RemoteAgent	WARN	TLS certificate errors will be ignored for this session
console.warn: SearchSettings: "get: No settings file exists, new profile?" (new NotFoundError("Could not open the file at /var/folders/kl/77dw97d55y1_kplchw9htctc0000gn/T/rust_mozprofileHHVcoN/search.json.mozlz4", (void 0)))
DevTools listening on ws://127.0.0.1:54207/devtools/browser/05fb561f-4a11-4030-839a-50f7f913d4fc
JavaScript warning: https://pagead2.googlesyndication.com/bg/KJeI0sMyo1Q6mjhDM9mKcjS2IqRt95c1wIDqLysfd0M.js line 2 > eval line 865 > eval line 1 > eval line 1 > eval, line 1: WEBGL_debug_renderer_info is deprecated in Firefox and will be removed. Please use RENDERER.
JavaScript warning: https://pagead2.googlesyndication.com/bg/KJeI0sMyo1Q6mjhDM9mKcjS2IqRt95c1wIDqLysfd0M.js line 2 > eval line 4349 > eval line 1 > eval line 1 > eval, line 1: WEBGL_debug_renderer_info is deprecated in Firefox and will be removed. Please use RENDERER.
JavaScript error: resource://devtools/server/actors/utils/sources-manager.js, line 432: TypeError: channel is null
JavaScript error: resource://devtools/server/actors/utils/sources-manager.js, line 432: TypeError: channel is null
JavaScript error: resource://devtools/server/actors/utils/sources-manager.js, line 432: TypeError: channel is null
console.error: "Error when attaching target:" (new Error("Connection closed, pending request to server0.conn0.windowGlobal4294967424/thread1, type isAttached failed\n\nRequest stack:\nrequest@resource://devtools/shared/protocol/Front.js:300:14\ngenerateRequestMethods/</frontProto[name]@resource://devtools/shared/protocol/Front/FrontClassWithSpec.js:47:19\nattachThread@resource://devtools/client/fronts/targets/target-mixin.js:566:49\n", "resource://devtools/shared/protocol/Front.js", 106))
console.warn: "Listener for event 'frame' did not return a promise."
console.warn: "Listener for event 'frame' did not return a promise."
console.error: "Error when attaching target:" (new Error("Connection closed, pending request to server0.conn0.windowGlobal4294967426/thread1, type isAttached failed\n\nRequest stack:\nrequest@resource://devtools/shared/protocol/Front.js:300:14\ngenerateRequestMethods/</frontProto[name]@resource://devtools/shared/protocol/Front/FrontClassWithSpec.js:47:19\nattachThread@resource://devtools/client/fronts/targets/target-mixin.js:566:49\n", "resource://devtools/shared/protocol/Front.js", 106))
console.warn: "Listener for event 'frame' did not return a promise."
console.error: "Error when attaching target:" (new Error("Connection closed, pending request to server0.conn0.windowGlobal4294967427/thread1, type isAttached failed\n\nRequest stack:\nrequest@resource://devtools/shared/protocol/Front.js:300:14\ngenerateRequestMethods/</frontProto[name]@resource://devtools/shared/protocol/Front/FrontClassWithSpec.js:47:19\nattachThread@resource://devtools/client/fronts/targets/target-mixin.js:566:49\n", "resource://devtools/shared/protocol/Front.js", 106))
console.warn: "Listener for event 'frame' did not return a promise."
console.error: "Error when attaching target:" (new Error("Connection closed, pending request to server0.conn0.windowGlobal4294967448/thread1, type isAttached failed\n\nRequest stack:\nrequest@resource://devtools/shared/protocol/Front.js:300:14\ngenerateRequestMethods/</frontProto[name]@resource://devtools/shared/protocol/Front/FrontClassWithSpec.js:47:19\nattachThread@resource://devtools/client/fronts/targets/target-mixin.js:566:49\n", "resource://devtools/shared/protocol/Front.js", 106))
console.warn: "Listener for event 'frame' did not return a promise."
console.warn: "Listener for event 'frame' did not return a promise."
console.error: "Error when attaching target:" (new Error("Connection closed, pending request to server0.conn0.windowGlobal4294967450/thread1, type isAttached failed\n\nRequest stack:\nrequest@resource://devtools/shared/protocol/Front.js:300:14\ngenerateRequestMethods/</frontProto[name]@resource://devtools/shared/protocol/Front/FrontClassWithSpec.js:47:19\nattachThread@resource://devtools/client/fronts/targets/target-mixin.js:566:49\n", "resource://devtools/shared/protocol/Front.js", 106))
console.warn: "Listener for event 'frame' did not return a promise."
console.error: "Error when attaching target:" (new Error("Connection closed, pending request to server0.conn0.windowGlobal4294967451/thread1, type isAttached failed\n\nRequest stack:\nrequest@resource://devtools/shared/protocol/Front.js:300:14\ngenerateRequestMethods/</frontProto[name]@resource://devtools/shared/protocol/Front/FrontClassWithSpec.js:47:19\nattachThread@resource://devtools/client/fronts/targets/target-mixin.js:566:49\n", "resource://devtools/shared/protocol/Front.js", 106))
console.warn: "Listener for event 'frame' did not return a promise."
console.warn: "Listener for event 'frame' did not return a promise."
console.warn: "Listener for event 'frame' did not return a promise."
console.warn: "Listener for event 'frame' did not return a promise."
console.error: "Error when attaching target:" (new Error("Connection closed, pending request to server0.conn0.windowGlobal4294967455/thread1, type isAttached failed\n\nRequest stack:\nrequest@resource://devtools/shared/protocol/Front.js:300:14\ngenerateRequestMethods/</frontProto[name]@resource://devtools/shared/protocol/Front/FrontClassWithSpec.js:47:19\nattachThread@resource://devtools/client/fronts/targets/target-mixin.js:566:49\n", "resource://devtools/shared/protocol/Front.js", 106))
console.warn: "Listener for event 'frame' did not return a promise."
console.error: "Error when attaching target:" (new Error("Connection closed, pending request to server0.conn0.windowGlobal4294967456/thread1, type isAttached failed\n\nRequest stack:\nrequest@resource://devtools/shared/protocol/Front.js:300:14\ngenerateRequestMethods/</frontProto[name]@resource://devtools/shared/protocol/Front/FrontClassWithSpec.js:47:19\nattachThread@resource://devtools/client/fronts/targets/target-mixin.js:566:49\n", "resource://devtools/shared/protocol/Front.js", 106))
console.warn: "Listener for event 'frame' did not return a promise."
console.warn: "Listener for event 'frame' did not return a promise."
console.error: "Error when attaching target:" (new Error("Connection closed, pending request to server0.conn0.windowGlobal4294967464/thread1, type isAttached failed\n\nRequest stack:\nrequest@resource://devtools/shared/protocol/Front.js:300:14\ngenerateRequestMethods/</frontProto[name]@resource://devtools/shared/protocol/Front/FrontClassWithSpec.js:47:19\nattachThread@resource://devtools/client/fronts/targets/target-mixin.js:566:49\n", "resource://devtools/shared/protocol/Front.js", 106))
console.warn: "Listener for event 'frame' did not return a promise."
console.error: "Error when attaching target:" (new Error("Connection closed, pending request to server0.conn0.windowGlobal4294967467/thread1, type isAttached failed\n\nRequest stack:\nrequest@resource://devtools/shared/protocol/Front.js:300:14\ngenerateRequestMethods/</frontProto[name]@resource://devtools/shared/protocol/Front/FrontClassWithSpec.js:47:19\nattachThread@resource://devtools/client/fronts/targets/target-mixin.js:566:49\n", "resource://devtools/shared/protocol/Front.js", 106))
console.warn: "Listener for event 'frame' did not return a promise."
1673982976787	geckodriver	INFO	Listening on 127.0.0.1:54529
1673982977295	mozrunner::runner	INFO	Running command: "/Applications/Firefox.app/Contents/MacOS/firefox-bin" "--marionette" "--remote-debugging-port" "54530" "--remote-allow-hosts" "localhost" "-foreground" "-no-remote" "-profile" "/var/folders/kl/77dw97d55y1_kplchw9htctc0000gn/T/rust_mozprofileLvmrMf"
1673982977816	Marionette	INFO	Marionette enabled
1673982978012	Marionette	INFO	Listening on port 54541
Read port: 54541
WebDriver BiDi listening on ws://127.0.0.1:54530
1673982978141	RemoteAgent	WARN	TLS certificate errors will be ignored for this session
console.warn: SearchSettings: "get: No settings file exists, new profile?" (new NotFoundError("Could not open the file at /var/folders/kl/77dw97d55y1_kplchw9htctc0000gn/T/rust_mozprofileLvmrMf/search.json.mozlz4", (void 0)))
DevTools listening on ws://127.0.0.1:54530/devtools/browser/308c3a7d-5c7c-41c3-8aae-0736fc77f4b9
JavaScript error: https://media.ethicalads.io/media/client/v1.4.0/ethicalads.min.js, line 1: Error: No ad placements found.
JavaScript error: resource:///actors/FormValidationChild.sys.mjs, line 178: TypeError: this._element is null
console.warn: LoginRecipes: "Falling back to a synchronous message for: https://www.python.org."
1673982980519	Marionette	INFO	Stopped listening on port 54541
console.error: (new TypeError("topBrowsingContext is null", "resource://devtools/server/actors/watcher/browsing-context-helpers.sys.mjs", 387))
JavaScript error: , line 0: TypeError: NetworkError when attempting to fetch resource.
JavaScript error: , line 0: TypeError: NetworkError when attempting to fetch resource.
Handler function threw an exception: TypeError: browsingContext.currentWindowGlobal is null
Stack: isChannelFromSystemPrincipal@resource://devtools/shared/network-observer/NetworkUtils.sys.mjs:93:1
createNetworkEvent@resource://devtools/shared/network-observer/NetworkUtils.sys.mjs:182:33
#createNetworkEvent@resource://devtools/shared/network-observer/NetworkObserver.sys.mjs:707:37
#onRequestHeader@resource://devtools/shared/network-observer/NetworkObserver.sys.mjs:757:29
@resource://devtools/shared/network-observer/NetworkObserver.sys.mjs:634:28
makeInfallible/<@resource://devtools/shared/DevToolsInfaillibleUtils.sys.mjs:43:22
Line: 93, column: 1
console.error: (new TypeError("browsingContext.currentWindowGlobal is null", "resource://devtools/shared/network-observer/NetworkUtils.sys.mjs", 93))
Handler function threw an exception: TypeError: browsingContext.currentWindowGlobal is null
Stack: isChannelFromSystemPrincipal@resource://devtools/shared/network-observer/NetworkUtils.sys.mjs:93:1
createNetworkEvent@resource://devtools/shared/network-observer/NetworkUtils.sys.mjs:182:33
#createNetworkEvent@resource://devtools/shared/network-observer/NetworkObserver.sys.mjs:707:37
#onRequestHeader@resource://devtools/shared/network-observer/NetworkObserver.sys.mjs:757:29
@resource://devtools/shared/network-observer/NetworkObserver.sys.mjs:634:28
makeInfallible/<@resource://devtools/shared/DevToolsInfaillibleUtils.sys.mjs:43:22
Line: 93, column: 1
console.error: (new TypeError("browsingContext.currentWindowGlobal is null", "resource://devtools/shared/network-observer/NetworkUtils.sys.mjs", 93))
Handler function threw an exception: TypeError: browsingContext.currentWindowGlobal is null
Stack: isChannelFromSystemPrincipal@resource://devtools/shared/network-observer/NetworkUtils.sys.mjs:93:1
createNetworkEvent@resource://devtools/shared/network-observer/NetworkUtils.sys.mjs:182:33
#createNetworkEvent@resource://devtools/shared/network-observer/NetworkObserver.sys.mjs:707:37
#onRequestHeader@resource://devtools/shared/network-observer/NetworkObserver.sys.mjs:757:29
@resource://devtools/shared/network-observer/NetworkObserver.sys.mjs:634:28
makeInfallible/<@resource://devtools/shared/DevToolsInfaillibleUtils.sys.mjs:43:22
Line: 93, column: 1
console.error: (new TypeError("browsingContext.currentWindowGlobal is null", "resource://devtools/shared/network-observer/NetworkUtils.sys.mjs", 93))
Handler function threw an exception: TypeError: browsingContext.currentWindowGlobal is null
Stack: isChannelFromSystemPrincipal@resource://devtools/shared/network-observer/NetworkUtils.sys.mjs:93:1
createNetworkEvent@resource://devtools/shared/network-observer/NetworkUtils.sys.mjs:182:33
#createNetworkEvent@resource://devtools/shared/network-observer/NetworkObserver.sys.mjs:707:37
#onRequestHeader@resource://devtools/shared/network-observer/NetworkObserver.sys.mjs:757:29
@resource://devtools/shared/network-observer/NetworkObserver.sys.mjs:634:28
makeInfallible/<@resource://devtools/shared/DevToolsInfaillibleUtils.sys.mjs:43:22
Line: 93, column: 1
console.error: (new TypeError("browsingContext.currentWindowGlobal is null", "resource://devtools/shared/network-observer/NetworkUtils.sys.mjs", 93))
Handler function threw an exception: TypeError: httpActivity.owner is null
Stack: #onResponseHeader@resource://devtools/shared/network-observer/NetworkObserver.sys.mjs:1019:5
#dispatchActivity@resource://devtools/shared/network-observer/NetworkObserver.sys.mjs:555:31
@resource://devtools/shared/network-observer/NetworkObserver.sys.mjs:664:29
makeInfallible/<@resource://devtools/shared/DevToolsInfaillibleUtils.sys.mjs:43:22
Line: 1019, column: 5
console.error: (new TypeError("httpActivity.owner is null", "resource://devtools/shared/network-observer/NetworkObserver.sys.mjs", 1019))
Handler function threw an exception: TypeError: browsingContext.currentWindowGlobal is null
Stack: isChannelFromSystemPrincipal@resource://devtools/shared/network-observer/NetworkUtils.sys.mjs:93:1
createNetworkEvent@resource://devtools/shared/network-observer/NetworkUtils.sys.mjs:182:33
#createNetworkEvent@resource://devtools/shared/network-observer/NetworkObserver.sys.mjs:707:37
@resource://devtools/shared/network-observer/NetworkObserver.sys.mjs:333:35
makeInfallible/<@resource://devtools/shared/DevToolsInfaillibleUtils.sys.mjs:43:22
Line: 93, column: 1
console.error: (new TypeError("browsingContext.currentWindowGlobal is null", "resource://devtools/shared/network-observer/NetworkUtils.sys.mjs", 93))
Handler function threw an exception: TypeError: httpActivity.owner is null
Stack: #onResponseHeader@resource://devtools/shared/network-observer/NetworkObserver.sys.mjs:1019:5
#dispatchActivity@resource://devtools/shared/network-observer/NetworkObserver.sys.mjs:555:31
@resource://devtools/shared/network-observer/NetworkObserver.sys.mjs:664:29
makeInfallible/<@resource://devtools/shared/DevToolsInfaillibleUtils.sys.mjs:43:22
Line: 1019, column: 5
console.error: (new TypeError("httpActivity.owner is null", "resource://devtools/shared/network-observer/NetworkObserver.sys.mjs", 1019))
Handler function threw an exception: TypeError: browsingContext.currentWindowGlobal is null
Stack: isChannelFromSystemPrincipal@resource://devtools/shared/network-observer/NetworkUtils.sys.mjs:93:1
createNetworkEvent@resource://devtools/shared/network-observer/NetworkUtils.sys.mjs:182:33
#createNetworkEvent@resource://devtools/shared/network-observer/NetworkObserver.sys.mjs:707:37
@resource://devtools/shared/network-observer/NetworkObserver.sys.mjs:333:35
makeInfallible/<@resource://devtools/shared/DevToolsInfaillibleUtils.sys.mjs:43:22
Line: 93, column: 1
console.error: (new TypeError("browsingContext.currentWindowGlobal is null", "resource://devtools/shared/network-observer/NetworkUtils.sys.mjs", 93))
Handler function threw an exception: TypeError: httpActivity.owner is null
Stack: #onResponseHeader@resource://devtools/shared/network-observer/NetworkObserver.sys.mjs:1019:5
#dispatchActivity@resource://devtools/shared/network-observer/NetworkObserver.sys.mjs:555:31
@resource://devtools/shared/network-observer/NetworkObserver.sys.mjs:664:29
makeInfallible/<@resource://devtools/shared/DevToolsInfaillibleUtils.sys.mjs:43:22
Line: 1019, column: 5
console.error: (new TypeError("httpActivity.owner is null", "resource://devtools/shared/network-observer/NetworkObserver.sys.mjs", 1019))
Handler function threw an exception: TypeError: browsingContext.currentWindowGlobal is null
Stack: isChannelFromSystemPrincipal@resource://devtools/shared/network-observer/NetworkUtils.sys.mjs:93:1
createNetworkEvent@resource://devtools/shared/network-observer/NetworkUtils.sys.mjs:182:33
#createNetworkEvent@resource://devtools/shared/network-observer/NetworkObserver.sys.mjs:707:37
@resource://devtools/shared/network-observer/NetworkObserver.sys.mjs:340:35
makeInfallible/<@resource://devtools/shared/DevToolsInfaillibleUtils.sys.mjs:43:22
Line: 93, column: 1
console.error: (new TypeError("browsingContext.currentWindowGlobal is null", "resource://devtools/shared/network-observer/NetworkUtils.sys.mjs", 93))
Handler function threw an exception: TypeError: httpActivity.owner is null
Stack: #onResponseHeader@resource://devtools/shared/network-observer/NetworkObserver.sys.mjs:1019:5
#dispatchActivity@resource://devtools/shared/network-observer/NetworkObserver.sys.mjs:555:31
@resource://devtools/shared/network-observer/NetworkObserver.sys.mjs:664:29
makeInfallible/<@resource://devtools/shared/DevToolsInfaillibleUtils.sys.mjs:43:22
Line: 1019, column: 5
console.error: (new TypeError("httpActivity.owner is null", "resource://devtools/shared/network-observer/NetworkObserver.sys.mjs", 1019))
Handler function threw an exception: TypeError: browsingContext.currentWindowGlobal is null
Stack: isChannelFromSystemPrincipal@resource://devtools/shared/network-observer/NetworkUtils.sys.mjs:93:1
createNetworkEvent@resource://devtools/shared/network-observer/NetworkUtils.sys.mjs:182:33
#createNetworkEvent@resource://devtools/shared/network-observer/NetworkObserver.sys.mjs:707:37
@resource://devtools/shared/network-observer/NetworkObserver.sys.mjs:340:35
makeInfallible/<@resource://devtools/shared/DevToolsInfaillibleUtils.sys.mjs:43:22
Line: 93, column: 1
console.error: (new TypeError("browsingContext.currentWindowGlobal is null", "resource://devtools/shared/network-observer/NetworkUtils.sys.mjs", 93))
1673982987336	geckodriver	INFO	Listening on 127.0.0.1:54594
1673982987852	mozrunner::runner	INFO	Running command: "/Applications/Firefox.app/Contents/MacOS/firefox-bin" "--marionette" "--remote-debugging-port" "54595" "--remote-allow-hosts" "localhost" "-foreground" "-no-remote" "-profile" "/var/folders/kl/77dw97d55y1_kplchw9htctc0000gn/T/rust_mozprofilenhTSQy"
1673982988341	Marionette	INFO	Marionette enabled
1673982988536	Marionette	INFO	Listening on port 54602
Read port: 54602
WebDriver BiDi listening on ws://127.0.0.1:54595
1673982988658	RemoteAgent	WARN	TLS certificate errors will be ignored for this session
console.warn: SearchSettings: "get: No settings file exists, new profile?" (new NotFoundError("Could not open the file at /var/folders/kl/77dw97d55y1_kplchw9htctc0000gn/T/rust_mozprofilenhTSQy/search.json.mozlz4", (void 0)))
DevTools listening on ws://127.0.0.1:54595/devtools/browser/88ba0e3d-4e52-4c3c-8c00-0c8326d0738d
JavaScript error: https://media.ethicalads.io/media/client/v1.4.0/ethicalads.min.js, line 1: Error: No ad placements found.
JavaScript error: resource:///actors/FormValidationChild.sys.mjs, line 178: TypeError: this._element is null
console.warn: LoginRecipes: "Falling back to a synchronous message for: https://www.python.org."
JavaScript error: https://media.ethicalads.io/media/client/v1.4.0/ethicalads.min.js, line 1: Error: No ad placements found.
JavaScript error: resource:///actors/FormValidationChild.sys.mjs, line 178: TypeError: this._element is null
console.error: (new TypeError("topBrowsingContext is null", "resource://devtools/server/actors/watcher/browsing-context-helpers.sys.mjs", 387))
Handler function threw an exception: TypeError: browsingContext.currentWindowGlobal is null
Stack: isChannelFromSystemPrincipal@resource://devtools/shared/network-observer/NetworkUtils.sys.mjs:93:1
createNetworkEvent@resource://devtools/shared/network-observer/NetworkUtils.sys.mjs:182:33
#createNetworkEvent@resource://devtools/shared/network-observer/NetworkObserver.sys.mjs:707:37
#onRequestHeader@resource://devtools/shared/network-observer/NetworkObserver.sys.mjs:757:29
@resource://devtools/shared/network-observer/NetworkObserver.sys.mjs:634:28
makeInfallible/<@resource://devtools/shared/DevToolsInfaillibleUtils.sys.mjs:43:22
Line: 93, column: 1
console.error: (new TypeError("browsingContext.currentWindowGlobal is null", "resource://devtools/shared/network-observer/NetworkUtils.sys.mjs", 93))
Handler function threw an exception: TypeError: httpActivity.owner is null
Stack: #onResponseHeader@resource://devtools/shared/network-observer/NetworkObserver.sys.mjs:1019:5
#dispatchActivity@resource://devtools/shared/network-observer/NetworkObserver.sys.mjs:555:31
@resource://devtools/shared/network-observer/NetworkObserver.sys.mjs:664:29
makeInfallible/<@resource://devtools/shared/DevToolsInfaillibleUtils.sys.mjs:43:22
Line: 1019, column: 5
console.error: (new TypeError("httpActivity.owner is null", "resource://devtools/shared/network-observer/NetworkObserver.sys.mjs", 1019))
Handler function threw an exception: TypeError: browsingContext.currentWindowGlobal is null
Stack: isChannelFromSystemPrincipal@resource://devtools/shared/network-observer/NetworkUtils.sys.mjs:93:1
createNetworkEvent@resource://devtools/shared/network-observer/NetworkUtils.sys.mjs:182:33
#createNetworkEvent@resource://devtools/shared/network-observer/NetworkObserver.sys.mjs:707:37
@resource://devtools/shared/network-observer/NetworkObserver.sys.mjs:340:35
makeInfallible/<@resource://devtools/shared/DevToolsInfaillibleUtils.sys.mjs:43:22
Line: 93, column: 1
console.error: (new TypeError("browsingContext.currentWindowGlobal is null", "resource://devtools/shared/network-observer/NetworkUtils.sys.mjs", 93))
1673983110013	Marionette	INFO	Stopped listening on port 54164
console.warn: TopSitesFeed: Failed to fetch data from Contile server: NetworkError when attempting to fetch resource.
1673983113531	Marionette	INFO	Stopped listening on port 54214
console.warn: TopSitesFeed: Failed to fetch data from Contile server: NetworkError when attempting to fetch resource.
1673983117089	Marionette	INFO	Stopped listening on port 54602
console.warn: TopSitesFeed: Failed to fetch data from Contile server: NetworkError when attempting to fetch resource.
1673983128522	geckodriver	INFO	Listening on 127.0.0.1:54680
1673983129040	mozrunner::runner	INFO	Running command: "/Applications/Firefox.app/Contents/MacOS/firefox-bin" "--marionette" "--remote-debugging-port" "54681" "--remote-allow-hosts" "localhost" "-foreground" "-no-remote" "-profile" "/var/folders/kl/77dw97d55y1_kplchw9htctc0000gn/T/rust_mozprofileWBajGG"
1673983129552	Marionette	INFO	Marionette enabled
1673983129598	Marionette	INFO	Listening on port 54688
Read port: 54688
WebDriver BiDi listening on ws://127.0.0.1:54681
1673983129770	RemoteAgent	WARN	TLS certificate errors will be ignored for this session
console.warn: SearchSettings: "get: No settings file exists, new profile?" (new NotFoundError("Could not open the file at /var/folders/kl/77dw97d55y1_kplchw9htctc0000gn/T/rust_mozprofileWBajGG/search.json.mozlz4", (void 0)))
DevTools listening on ws://127.0.0.1:54681/devtools/browser/8ce1365d-e1cb-4141-91eb-1ed65ba5429a
JavaScript error: https://media.ethicalads.io/media/client/v1.4.0/ethicalads.min.js, line 1: Error: No ad placements found.
JavaScript error: resource:///actors/FormValidationChild.sys.mjs, line 178: TypeError: this._element is null
console.warn: LoginRecipes: "Falling back to a synchronous message for: https://www.python.org."
JavaScript error: https://media.ethicalads.io/media/client/v1.4.0/ethicalads.min.js, line 1: Error: No ad placements found.
JavaScript error: resource:///actors/FormValidationChild.sys.mjs, line 178: TypeError: this._element is null
1673983141351	Marionette	INFO	Stopped listening on port 54688
1673983459355	geckodriver	INFO	Listening on 127.0.0.1:54989
1673983459860	mozrunner::runner	INFO	Running command: "/Applications/Firefox.app/Contents/MacOS/firefox-bin" "--marionette" "--remote-debugging-port" "54990" "--remote-allow-hosts" "localhost" "-foreground" "-no-remote" "-profile" "/var/folders/kl/77dw97d55y1_kplchw9htctc0000gn/T/rust_mozprofileAUoFDg"
1673983460517	Marionette	INFO	Marionette enabled
1673983460706	Marionette	INFO	Listening on port 54997
WebDriver BiDi listening on ws://127.0.0.1:54990
Read port: 54997
1673983460934	RemoteAgent	WARN	TLS certificate errors will be ignored for this session
console.warn: SearchSettings: "get: No settings file exists, new profile?" (new NotFoundError("Could not open the file at /var/folders/kl/77dw97d55y1_kplchw9htctc0000gn/T/rust_mozprofileAUoFDg/search.json.mozlz4", (void 0)))
DevTools listening on ws://127.0.0.1:54990/devtools/browser/4a6add75-b3a3-4c20-a2df-0eeb5d19d4f4
console.warn: LoginRecipes: "Falling back to a synchronous message for: https://www.supermarktcheck.de."
JavaScript warning: https://pagead2.googlesyndication.com/bg/KJeI0sMyo1Q6mjhDM9mKcjS2IqRt95c1wIDqLysfd0M.js line 2 > eval line 4101 > eval line 1 > eval line 1 > eval, line 1: WEBGL_debug_renderer_info is deprecated in Firefox and will be removed. Please use RENDERER.
JavaScript error: , line 0: TypeError: NetworkError when attempting to fetch resource.
JavaScript error: , line 0: TypeError: NetworkError when attempting to fetch resource.
1673983485001	Marionette	INFO	Stopped listening on port 54997
console.warn: TopSitesFeed: Failed to fetch data from Contile server: NetworkError when attempting to fetch resource.
1673983712062	geckodriver	INFO	Listening on 127.0.0.1:55291
1673983712572	mozrunner::runner	INFO	Running command: "/Applications/Firefox.app/Contents/MacOS/firefox-bin" "--marionette" "--remote-debugging-port" "55292" "--remote-allow-hosts" "localhost" "-foreground" "-no-remote" "-profile" "/var/folders/kl/77dw97d55y1_kplchw9htctc0000gn/T/rust_mozprofileINwf0w"
1673983713242	Marionette	INFO	Marionette enabled
1673983713433	Marionette	INFO	Listening on port 55299
Read port: 55299
WebDriver BiDi listening on ws://127.0.0.1:55292
1673983713572	RemoteAgent	WARN	TLS certificate errors will be ignored for this session
console.warn: SearchSettings: "get: No settings file exists, new profile?" (new NotFoundError("Could not open the file at /var/folders/kl/77dw97d55y1_kplchw9htctc0000gn/T/rust_mozprofileINwf0w/search.json.mozlz4", (void 0)))
DevTools listening on ws://127.0.0.1:55292/devtools/browser/af73e908-7eb8-4cf3-b49c-c427f58bb90b
console.warn: LoginRecipes: "Falling back to a synchronous message for: https://www.supermarktcheck.de."
1673983742009	Marionette	INFO	Stopped listening on port 55299
console.warn: TopSitesFeed: Failed to fetch data from Contile server: NetworkError when attempting to fetch resource.
1673983832428	geckodriver	INFO	Listening on 127.0.0.1:55363
1673983832941	mozrunner::runner	INFO	Running command: "/Applications/Firefox.app/Contents/MacOS/firefox-bin" "--marionette" "--remote-debugging-port" "55364" "--remote-allow-hosts" "localhost" "-foreground" "-no-remote" "-profile" "/var/folders/kl/77dw97d55y1_kplchw9htctc0000gn/T/rust_mozprofileiVsYaD"
1673983833465	Marionette	INFO	Marionette enabled
1673983833662	Marionette	INFO	Listening on port 55371
Read port: 55371
WebDriver BiDi listening on ws://127.0.0.1:55364
1673983833797	RemoteAgent	WARN	TLS certificate errors will be ignored for this session
console.warn: SearchSettings: "get: No settings file exists, new profile?" (new NotFoundError("Could not open the file at /var/folders/kl/77dw97d55y1_kplchw9htctc0000gn/T/rust_mozprofileiVsYaD/search.json.mozlz4", (void 0)))
DevTools listening on ws://127.0.0.1:55364/devtools/browser/00cb2c76-e1ca-424e-a737-b8ef42b269b9
console.warn: LoginRecipes: "Falling back to a synchronous message for: https://www.supermarktcheck.de."
1673983846052	Marionette	INFO	Stopped listening on port 55371
console.warn: TopSitesFeed: Failed to fetch data from Contile server: NetworkError when attempting to fetch resource.
1673984015238	geckodriver	INFO	Listening on 127.0.0.1:55447
1673984015743	mozrunner::runner	INFO	Running command: "/Applications/Firefox.app/Contents/MacOS/firefox-bin" "--marionette" "--remote-debugging-port" "55448" "--remote-allow-hosts" "localhost" "-foreground" "-no-remote" "-profile" "/var/folders/kl/77dw97d55y1_kplchw9htctc0000gn/T/rust_mozprofileDbTiGV"
1673984016346	Marionette	INFO	Marionette enabled
1673984016444	Marionette	INFO	Listening on port 55455
Read port: 55455
WebDriver BiDi listening on ws://127.0.0.1:55448
1673984016715	RemoteAgent	WARN	TLS certificate errors will be ignored for this session
console.warn: SearchSettings: "get: No settings file exists, new profile?" (new NotFoundError("Could not open the file at /var/folders/kl/77dw97d55y1_kplchw9htctc0000gn/T/rust_mozprofileDbTiGV/search.json.mozlz4", (void 0)))
DevTools listening on ws://127.0.0.1:55448/devtools/browser/598fed43-c1f5-4103-a630-93e0d8fe40dc
console.warn: LoginRecipes: "Falling back to a synchronous message for: https://www.supermarktcheck.de."
1673984040200	Marionette	INFO	Stopped listening on port 55455
1673984046396	geckodriver	INFO	Listening on 127.0.0.1:55519
1673984046913	mozrunner::runner	INFO	Running command: "/Applications/Firefox.app/Contents/MacOS/firefox-bin" "--marionette" "--remote-debugging-port" "55520" "--remote-allow-hosts" "localhost" "-foreground" "-no-remote" "-profile" "/var/folders/kl/77dw97d55y1_kplchw9htctc0000gn/T/rust_mozprofileFTlo6q"
1673984047421	Marionette	INFO	Marionette enabled
1673984047615	Marionette	INFO	Listening on port 55527
Read port: 55527
WebDriver BiDi listening on ws://127.0.0.1:55520
1673984047728	RemoteAgent	WARN	TLS certificate errors will be ignored for this session
console.warn: SearchSettings: "get: No settings file exists, new profile?" (new NotFoundError("Could not open the file at /var/folders/kl/77dw97d55y1_kplchw9htctc0000gn/T/rust_mozprofileFTlo6q/search.json.mozlz4", (void 0)))
DevTools listening on ws://127.0.0.1:55520/devtools/browser/457e7f5e-ebd3-48ac-846d-351c44eda4ca
console.warn: LoginRecipes: "Falling back to a synchronous message for: https://www.supermarktcheck.de."
1673984189940	Marionette	INFO	Stopped listening on port 55527
1673984534124	geckodriver	INFO	Listening on 127.0.0.1:55676
1673984534630	mozrunner::runner	INFO	Running command: "/Applications/Firefox.app/Contents/MacOS/firefox-bin" "--marionette" "--remote-debugging-port" "55677" "--remote-allow-hosts" "localhost" "-foreground" "-no-remote" "-profile" "/var/folders/kl/77dw97d55y1_kplchw9htctc0000gn/T/rust_mozprofileVmhwgQ"
1673984535210	Marionette	INFO	Marionette enabled
1673984535310	Marionette	INFO	Listening on port 55684
Read port: 55684
WebDriver BiDi listening on ws://127.0.0.1:55677
1673984535578	RemoteAgent	WARN	TLS certificate errors will be ignored for this session
console.warn: SearchSettings: "get: No settings file exists, new profile?" (new NotFoundError("Could not open the file at /var/folders/kl/77dw97d55y1_kplchw9htctc0000gn/T/rust_mozprofileVmhwgQ/search.json.mozlz4", (void 0)))
DevTools listening on ws://127.0.0.1:55677/devtools/browser/67713a3c-2f1c-4f61-9da7-ec2f230219b3
console.warn: LoginRecipes: "Falling back to a synchronous message for: https://www.supermarktcheck.de."
1673984563781	geckodriver	INFO	Listening on 127.0.0.1:55761
1673984564290	mozrunner::runner	INFO	Running command: "/Applications/Firefox.app/Contents/MacOS/firefox-bin" "--marionette" "--remote-debugging-port" "55762" "--remote-allow-hosts" "localhost" "-foreground" "-no-remote" "-profile" "/var/folders/kl/77dw97d55y1_kplchw9htctc0000gn/T/rust_mozprofileihPw9z"
1673984564806	Marionette	INFO	Marionette enabled
1673984564847	Marionette	INFO	Listening on port 55769
Read port: 55769
WebDriver BiDi listening on ws://127.0.0.1:55762
1673984565021	RemoteAgent	WARN	TLS certificate errors will be ignored for this session
console.warn: SearchSettings: "get: No settings file exists, new profile?" (new NotFoundError("Could not open the file at /var/folders/kl/77dw97d55y1_kplchw9htctc0000gn/T/rust_mozprofileihPw9z/search.json.mozlz4", (void 0)))
DevTools listening on ws://127.0.0.1:55762/devtools/browser/5c3f2edc-5693-453f-a594-b6996ce887c2
console.warn: LoginRecipes: "Falling back to a synchronous message for: https://www.supermarktcheck.de."
1673984592978	geckodriver	INFO	Listening on 127.0.0.1:55839
1673984593489	mozrunner::runner	INFO	Running command: "/Applications/Firefox.app/Contents/MacOS/firefox-bin" "--marionette" "--remote-debugging-port" "55840" "--remote-allow-hosts" "localhost" "-foreground" "-no-remote" "-profile" "/var/folders/kl/77dw97d55y1_kplchw9htctc0000gn/T/rust_mozprofilehvij8m"
1673984594013	Marionette	INFO	Marionette enabled
1673984594055	Marionette	INFO	Listening on port 55847
Read port: 55847
WebDriver BiDi listening on ws://127.0.0.1:55840
1673984594269	RemoteAgent	WARN	TLS certificate errors will be ignored for this session
console.warn: SearchSettings: "get: No settings file exists, new profile?" (new NotFoundError("Could not open the file at /var/folders/kl/77dw97d55y1_kplchw9htctc0000gn/T/rust_mozprofilehvij8m/search.json.mozlz4", (void 0)))
DevTools listening on ws://127.0.0.1:55840/devtools/browser/43dfe6f0-7e21-4832-88a9-d43d93b89718
console.warn: LoginRecipes: "Falling back to a synchronous message for: https://www.supermarktcheck.de."
1673984605510	Marionette	INFO	Stopped listening on port 55847
1673984608692	Marionette	INFO	Stopped listening on port 55769
1673984612043	Marionette	INFO	Stopped listening on port 55684
1673984711864	geckodriver	INFO	Listening on 127.0.0.1:55958
1673984712372	mozrunner::runner	INFO	Running command: "/Applications/Firefox.app/Contents/MacOS/firefox-bin" "--marionette" "--remote-debugging-port" "55959" "--remote-allow-hosts" "localhost" "-foreground" "-no-remote" "-profile" "/var/folders/kl/77dw97d55y1_kplchw9htctc0000gn/T/rust_mozprofiledi6RVx"
1673984713027	Marionette	INFO	Marionette enabled
1673984713213	Marionette	INFO	Listening on port 55966
WebDriver BiDi listening on ws://127.0.0.1:55959
Read port: 55966
1673984713445	RemoteAgent	WARN	TLS certificate errors will be ignored for this session
console.warn: SearchSettings: "get: No settings file exists, new profile?" (new NotFoundError("Could not open the file at /var/folders/kl/77dw97d55y1_kplchw9htctc0000gn/T/rust_mozprofiledi6RVx/search.json.mozlz4", (void 0)))
DevTools listening on ws://127.0.0.1:55959/devtools/browser/892b4a42-fc72-4056-96ed-315432392e3a
console.warn: LoginRecipes: "Falling back to a synchronous message for: https://www.supermarktcheck.de."
1673984740664	Marionette	INFO	Stopped listening on port 55966
1673984806594	geckodriver	INFO	Listening on 127.0.0.1:56037
1673984807101	mozrunner::runner	INFO	Running command: "/Applications/Firefox.app/Contents/MacOS/firefox-bin" "--marionette" "--remote-debugging-port" "56038" "--remote-allow-hosts" "localhost" "-foreground" "-no-remote" "-profile" "/var/folders/kl/77dw97d55y1_kplchw9htctc0000gn/T/rust_mozprofileb0cNyU"
1673984807711	Marionette	INFO	Marionette enabled
1673984807904	Marionette	INFO	Listening on port 56045
Read port: 56045
WebDriver BiDi listening on ws://127.0.0.1:56038
1673984808022	RemoteAgent	WARN	TLS certificate errors will be ignored for this session
console.warn: SearchSettings: "get: No settings file exists, new profile?" (new NotFoundError("Could not open the file at /var/folders/kl/77dw97d55y1_kplchw9htctc0000gn/T/rust_mozprofileb0cNyU/search.json.mozlz4", (void 0)))
DevTools listening on ws://127.0.0.1:56038/devtools/browser/1d600031-2441-4bef-85b5-bafbfcd3a891
console.warn: LoginRecipes: "Falling back to a synchronous message for: https://www.supermarktcheck.de."
1673985125868	geckodriver	INFO	Listening on 127.0.0.1:56211
1673985126380	mozrunner::runner	INFO	Running command: "/Applications/Firefox.app/Contents/MacOS/firefox-bin" "--marionette" "--remote-debugging-port" "56212" "--remote-allow-hosts" "localhost" "-foreground" "-no-remote" "-profile" "/var/folders/kl/77dw97d55y1_kplchw9htctc0000gn/T/rust_mozprofiledQLuDZ"
1673985126900	Marionette	INFO	Marionette enabled
1673985127106	Marionette	INFO	Listening on port 56219
Read port: 56219
WebDriver BiDi listening on ws://127.0.0.1:56212
1673985127236	RemoteAgent	WARN	TLS certificate errors will be ignored for this session
console.warn: SearchSettings: "get: No settings file exists, new profile?" (new NotFoundError("Could not open the file at /var/folders/kl/77dw97d55y1_kplchw9htctc0000gn/T/rust_mozprofiledQLuDZ/search.json.mozlz4", (void 0)))
DevTools listening on ws://127.0.0.1:56212/devtools/browser/74700f74-7026-41b2-b454-e9387e6dce40
console.warn: LoginRecipes: "Falling back to a synchronous message for: https://www.supermarktcheck.de."
1673985168235	Marionette	INFO	Stopped listening on port 56045
1673985172047	Marionette	INFO	Stopped listening on port 56219
1673985368656	geckodriver	INFO	Listening on 127.0.0.1:56289
1673985369164	mozrunner::runner	INFO	Running command: "/Applications/Firefox.app/Contents/MacOS/firefox-bin" "--marionette" "--remote-debugging-port" "56290" "--remote-allow-hosts" "localhost" "-foreground" "-no-remote" "-profile" "/var/folders/kl/77dw97d55y1_kplchw9htctc0000gn/T/rust_mozprofileY7IGZq"
1673985369796	Marionette	INFO	Marionette enabled
1673985369996	Marionette	INFO	Listening on port 56297
Read port: 56297
WebDriver BiDi listening on ws://127.0.0.1:56290
1673985370136	RemoteAgent	WARN	TLS certificate errors will be ignored for this session
console.warn: SearchSettings: "get: No settings file exists, new profile?" (new NotFoundError("Could not open the file at /var/folders/kl/77dw97d55y1_kplchw9htctc0000gn/T/rust_mozprofileY7IGZq/search.json.mozlz4", (void 0)))
DevTools listening on ws://127.0.0.1:56290/devtools/browser/56bc489d-ed29-4e70-b398-281077dd4cf4
console.warn: LoginRecipes: "Falling back to a synchronous message for: https://www.supermarktcheck.de."
1673985393233	Marionette	INFO	Stopped listening on port 56297
1673985394369	geckodriver	INFO	Listening on 127.0.0.1:56360
1673985394880	mozrunner::runner	INFO	Running command: "/Applications/Firefox.app/Contents/MacOS/firefox-bin" "--marionette" "--remote-debugging-port" "56361" "--remote-allow-hosts" "localhost" "-foreground" "-no-remote" "-profile" "/var/folders/kl/77dw97d55y1_kplchw9htctc0000gn/T/rust_mozprofileH9Ot15"
1673985395386	Marionette	INFO	Marionette enabled
1673985395434	Marionette	INFO	Listening on port 56368
Read port: 56368
WebDriver BiDi listening on ws://127.0.0.1:56361
1673985395624	RemoteAgent	WARN	TLS certificate errors will be ignored for this session
console.warn: SearchSettings: "get: No settings file exists, new profile?" (new NotFoundError("Could not open the file at /var/folders/kl/77dw97d55y1_kplchw9htctc0000gn/T/rust_mozprofileH9Ot15/search.json.mozlz4", (void 0)))
DevTools listening on ws://127.0.0.1:56361/devtools/browser/227946bf-5d31-45c6-8d79-be6a2179c9fa
console.warn: LoginRecipes: "Falling back to a synchronous message for: https://www.supermarktcheck.de."
1673985420599	geckodriver	INFO	Listening on 127.0.0.1:56437
1673985421107	mozrunner::runner	INFO	Running command: "/Applications/Firefox.app/Contents/MacOS/firefox-bin" "--marionette" "--remote-debugging-port" "56438" "--remote-allow-hosts" "localhost" "-foreground" "-no-remote" "-profile" "/var/folders/kl/77dw97d55y1_kplchw9htctc0000gn/T/rust_mozprofileH9rMVU"
1673985421634	Marionette	INFO	Marionette enabled
1673985421836	Marionette	INFO	Listening on port 56445
WebDriver BiDi listening on ws://127.0.0.1:56438
Read port: 56445
1673985422052	RemoteAgent	WARN	TLS certificate errors will be ignored for this session
console.warn: SearchSettings: "get: No settings file exists, new profile?" (new NotFoundError("Could not open the file at /var/folders/kl/77dw97d55y1_kplchw9htctc0000gn/T/rust_mozprofileH9rMVU/search.json.mozlz4", (void 0)))
DevTools listening on ws://127.0.0.1:56438/devtools/browser/0a241e18-6907-417e-a193-9cfde9197cb4
console.warn: LoginRecipes: "Falling back to a synchronous message for: https://www.supermarktcheck.de."
1673985520389	Marionette	INFO	Stopped listening on port 56445
1673985525671	Marionette	INFO	Stopped listening on port 56368
1673985617160	geckodriver	INFO	Listening on 127.0.0.1:56636
1673985617668	mozrunner::runner	INFO	Running command: "/Applications/Firefox.app/Contents/MacOS/firefox-bin" "--marionette" "--remote-debugging-port" "56637" "--remote-allow-hosts" "localhost" "-foreground" "-no-remote" "-profile" "/var/folders/kl/77dw97d55y1_kplchw9htctc0000gn/T/rust_mozprofile6STrPl"
1673985618213	Marionette	INFO	Marionette enabled
1673985618315	Marionette	INFO	Listening on port 56644
Read port: 56644
WebDriver BiDi listening on ws://127.0.0.1:56637
1673985618596	RemoteAgent	WARN	TLS certificate errors will be ignored for this session
console.warn: SearchSettings: "get: No settings file exists, new profile?" (new NotFoundError("Could not open the file at /var/folders/kl/77dw97d55y1_kplchw9htctc0000gn/T/rust_mozprofile6STrPl/search.json.mozlz4", (void 0)))
DevTools listening on ws://127.0.0.1:56637/devtools/browser/8cf71be7-1691-4111-845b-710b349cd76e
console.warn: LoginRecipes: "Falling back to a synchronous message for: https://www.supermarktcheck.de."
1673985633954	Marionette	INFO	Stopped listening on port 56644
1673986153969	geckodriver	INFO	Listening on 127.0.0.1:56748
1673986154483	mozrunner::runner	INFO	Running command: "/Applications/Firefox.app/Contents/MacOS/firefox-bin" "--marionette" "--remote-debugging-port" "56749" "--remote-allow-hosts" "localhost" "-foreground" "-no-remote" "-profile" "/var/folders/kl/77dw97d55y1_kplchw9htctc0000gn/T/rust_mozprofileDrw70m"
1673986155109	Marionette	INFO	Marionette enabled
1673986155301	Marionette	INFO	Listening on port 56756
Read port: 56756
WebDriver BiDi listening on ws://127.0.0.1:56749
1673986155414	RemoteAgent	WARN	TLS certificate errors will be ignored for this session
console.warn: SearchSettings: "get: No settings file exists, new profile?" (new NotFoundError("Could not open the file at /var/folders/kl/77dw97d55y1_kplchw9htctc0000gn/T/rust_mozprofileDrw70m/search.json.mozlz4", (void 0)))
DevTools listening on ws://127.0.0.1:56749/devtools/browser/957654e5-5ea4-4d61-90f6-d58571dcc53b
console.warn: LoginRecipes: "Falling back to a synchronous message for: https://www.supermarktcheck.de."
1673986174740	Marionette	INFO	Stopped listening on port 56756
1673986177184	geckodriver	INFO	Listening on 127.0.0.1:56811
1673986177688	mozrunner::runner	INFO	Running command: "/Applications/Firefox.app/Contents/MacOS/firefox-bin" "--marionette" "--remote-debugging-port" "56812" "--remote-allow-hosts" "localhost" "-foreground" "-no-remote" "-profile" "/var/folders/kl/77dw97d55y1_kplchw9htctc0000gn/T/rust_mozprofiledfY08u"
1673986178203	Marionette	INFO	Marionette enabled
1673986178400	Marionette	INFO	Listening on port 56819
Read port: 56819
WebDriver BiDi listening on ws://127.0.0.1:56812
1673986178515	RemoteAgent	WARN	TLS certificate errors will be ignored for this session
console.warn: SearchSettings: "get: No settings file exists, new profile?" (new NotFoundError("Could not open the file at /var/folders/kl/77dw97d55y1_kplchw9htctc0000gn/T/rust_mozprofiledfY08u/search.json.mozlz4", (void 0)))
DevTools listening on ws://127.0.0.1:56812/devtools/browser/0d3807bd-7e84-4deb-bd6a-8ec939f93e60
console.warn: LoginRecipes: "Falling back to a synchronous message for: https://www.supermarktcheck.de."
1673986227806	geckodriver	INFO	Listening on 127.0.0.1:56875
1673986228322	mozrunner::runner	INFO	Running command: "/Applications/Firefox.app/Contents/MacOS/firefox-bin" "--marionette" "--remote-debugging-port" "56876" "--remote-allow-hosts" "localhost" "-foreground" "-no-remote" "-profile" "/var/folders/kl/77dw97d55y1_kplchw9htctc0000gn/T/rust_mozprofileYpVlJ4"
1673986228856	Marionette	INFO	Marionette enabled
1673986229072	Marionette	INFO	Listening on port 56883
Read port: 56883
WebDriver BiDi listening on ws://127.0.0.1:56876
1673986229211	RemoteAgent	WARN	TLS certificate errors will be ignored for this session
console.warn: SearchSettings: "get: No settings file exists, new profile?" (new NotFoundError("Could not open the file at /var/folders/kl/77dw97d55y1_kplchw9htctc0000gn/T/rust_mozprofileYpVlJ4/search.json.mozlz4", (void 0)))
DevTools listening on ws://127.0.0.1:56876/devtools/browser/433a358e-9540-42bb-b960-fd45d3fff09f
console.warn: LoginRecipes: "Falling back to a synchronous message for: https://www.supermarktcheck.de."
1673986245198	Marionette	INFO	Stopped listening on port 56883
1673986248272	Marionette	INFO	Stopped listening on port 56819
1673986255920	geckodriver	INFO	Listening on 127.0.0.1:56955
1673986256429	mozrunner::runner	INFO	Running command: "/Applications/Firefox.app/Contents/MacOS/firefox-bin" "--marionette" "--remote-debugging-port" "56956" "--remote-allow-hosts" "localhost" "-foreground" "-no-remote" "-profile" "/var/folders/kl/77dw97d55y1_kplchw9htctc0000gn/T/rust_mozprofileJpQSrG"
1673986256944	Marionette	INFO	Marionette enabled
1673986257144	Marionette	INFO	Listening on port 56963
Read port: 56963
WebDriver BiDi listening on ws://127.0.0.1:56956
1673986257266	RemoteAgent	WARN	TLS certificate errors will be ignored for this session
console.warn: SearchSettings: "get: No settings file exists, new profile?" (new NotFoundError("Could not open the file at /var/folders/kl/77dw97d55y1_kplchw9htctc0000gn/T/rust_mozprofileJpQSrG/search.json.mozlz4", (void 0)))
DevTools listening on ws://127.0.0.1:56956/devtools/browser/142a8a02-19b9-4970-9590-18ef17c69d65
console.warn: LoginRecipes: "Falling back to a synchronous message for: https://www.supermarktcheck.de."
1673986294658	Marionette	INFO	Stopped listening on port 56963
1673986296993	geckodriver	INFO	Listening on 127.0.0.1:57016
1673986297509	mozrunner::runner	INFO	Running command: "/Applications/Firefox.app/Contents/MacOS/firefox-bin" "--marionette" "--remote-debugging-port" "57017" "--remote-allow-hosts" "localhost" "-foreground" "-no-remote" "-profile" "/var/folders/kl/77dw97d55y1_kplchw9htctc0000gn/T/rust_mozprofilegCOGkc"
1673986298022	Marionette	INFO	Marionette enabled
1673986298223	Marionette	INFO	Listening on port 57024
Read port: 57024
WebDriver BiDi listening on ws://127.0.0.1:57017
1673986298340	RemoteAgent	WARN	TLS certificate errors will be ignored for this session
console.warn: SearchSettings: "get: No settings file exists, new profile?" (new NotFoundError("Could not open the file at /var/folders/kl/77dw97d55y1_kplchw9htctc0000gn/T/rust_mozprofilegCOGkc/search.json.mozlz4", (void 0)))
DevTools listening on ws://127.0.0.1:57017/devtools/browser/6765a37a-f6bb-4f65-bef9-050cd8de9a69
console.warn: LoginRecipes: "Falling back to a synchronous message for: https://www.supermarktcheck.de."
1673986398311	geckodriver	INFO	Listening on 127.0.0.1:57098
1673986398829	mozrunner::runner	INFO	Running command: "/Applications/Firefox.app/Contents/MacOS/firefox-bin" "--marionette" "--remote-debugging-port" "57099" "--remote-allow-hosts" "localhost" "-foreground" "-no-remote" "-profile" "/var/folders/kl/77dw97d55y1_kplchw9htctc0000gn/T/rust_mozprofile1TQtQN"
1673986399349	Marionette	INFO	Marionette enabled
1673986399545	Marionette	INFO	Listening on port 57106
Read port: 57106
WebDriver BiDi listening on ws://127.0.0.1:57099
1673986399677	RemoteAgent	WARN	TLS certificate errors will be ignored for this session
console.warn: SearchSettings: "get: No settings file exists, new profile?" (new NotFoundError("Could not open the file at /var/folders/kl/77dw97d55y1_kplchw9htctc0000gn/T/rust_mozprofile1TQtQN/search.json.mozlz4", (void 0)))
DevTools listening on ws://127.0.0.1:57099/devtools/browser/06f2f6c0-e4eb-4d48-bf84-b9e1ff44d766
console.warn: LoginRecipes: "Falling back to a synchronous message for: https://www.supermarktcheck.de."
1673986497775	Marionette	INFO	Stopped listening on port 57106
JavaScript error: , line 0: NotFoundError: No such JSWindowActor 'DevToolsFrame'
JavaScript error: , line 0: NotFoundError: No such JSWindowActor 'DevToolsFrame'
JavaScript error: , line 0: NotFoundError: No such JSWindowActor 'DevToolsFrame'
JavaScript error: , line 0: NotFoundError: No such JSWindowActor 'DevToolsFrame'
1673986501251	Marionette	INFO	Stopped listening on port 57024
1673986853304	geckodriver	INFO	Listening on 127.0.0.1:57182
1673986853819	mozrunner::runner	INFO	Running command: "/Applications/Firefox.app/Contents/MacOS/firefox-bin" "--marionette" "--remote-debugging-port" "57183" "--remote-allow-hosts" "localhost" "-foreground" "-no-remote" "-profile" "/var/folders/kl/77dw97d55y1_kplchw9htctc0000gn/T/rust_mozprofileimsmOu"
1673986854361	Marionette	INFO	Marionette enabled
1673986854467	Marionette	INFO	Listening on port 57190
Read port: 57190
WebDriver BiDi listening on ws://127.0.0.1:57183
1673986854740	RemoteAgent	WARN	TLS certificate errors will be ignored for this session
console.warn: SearchSettings: "get: No settings file exists, new profile?" (new NotFoundError("Could not open the file at /var/folders/kl/77dw97d55y1_kplchw9htctc0000gn/T/rust_mozprofileimsmOu/search.json.mozlz4", (void 0)))
DevTools listening on ws://127.0.0.1:57183/devtools/browser/0e12c531-61ca-4615-b3c1-7fd190a0c3ab
console.warn: LoginRecipes: "Falling back to a synchronous message for: https://www.supermarktcheck.de."
1673986945628	Marionette	INFO	Stopped listening on port 57190
JavaScript error: , line 0: NotFoundError: No such JSWindowActor 'DevToolsFrame'
JavaScript error: , line 0: NotFoundError: No such JSWindowActor 'DevToolsFrame'
JavaScript error: , line 0: NotFoundError: No such JSWindowActor 'DevToolsFrame'
JavaScript error: , line 0: NotFoundError: No such JSWindowActor 'DevToolsFrame'
1673986946739	geckodriver	INFO	Listening on 127.0.0.1:57249
1673986947250	mozrunner::runner	INFO	Running command: "/Applications/Firefox.app/Contents/MacOS/firefox-bin" "--marionette" "--remote-debugging-port" "57250" "--remote-allow-hosts" "localhost" "-foreground" "-no-remote" "-profile" "/var/folders/kl/77dw97d55y1_kplchw9htctc0000gn/T/rust_mozprofileG63EZM"
1673986947750	Marionette	INFO	Marionette enabled
1673986947965	Marionette	INFO	Listening on port 57257
Read port: 57257
WebDriver BiDi listening on ws://127.0.0.1:57250
1673986948093	RemoteAgent	WARN	TLS certificate errors will be ignored for this session
console.warn: SearchSettings: "get: No settings file exists, new profile?" (new NotFoundError("Could not open the file at /var/folders/kl/77dw97d55y1_kplchw9htctc0000gn/T/rust_mozprofileG63EZM/search.json.mozlz4", (void 0)))
DevTools listening on ws://127.0.0.1:57250/devtools/browser/8bc0366e-3aa5-4b9d-88e3-aff3d3e216d0
console.warn: LoginRecipes: "Falling back to a synchronous message for: https://www.supermarktcheck.de."
1673987109796	Marionette	INFO	Stopped listening on port 57257
JavaScript error: , line 0: NotFoundError: No such JSWindowActor 'DevToolsFrame'
JavaScript error: , line 0: NotFoundError: No such JSWindowActor 'DevToolsFrame'
JavaScript error: , line 0: NotFoundError: No such JSWindowActor 'DevToolsFrame'
JavaScript error: , line 0: NotFoundError: No such JSWindowActor 'DevToolsFrame'
1673987111120	geckodriver	INFO	Listening on 127.0.0.1:57325
1673987111631	mozrunner::runner	INFO	Running command: "/Applications/Firefox.app/Contents/MacOS/firefox-bin" "--marionette" "--remote-debugging-port" "57326" "--remote-allow-hosts" "localhost" "-foreground" "-no-remote" "-profile" "/var/folders/kl/77dw97d55y1_kplchw9htctc0000gn/T/rust_mozprofile9blQtk"
1673987112151	Marionette	INFO	Marionette enabled
1673987112353	Marionette	INFO	Listening on port 57333
Read port: 57333
WebDriver BiDi listening on ws://127.0.0.1:57326
1673987112464	RemoteAgent	WARN	TLS certificate errors will be ignored for this session
console.warn: SearchSettings: "get: No settings file exists, new profile?" (new NotFoundError("Could not open the file at /var/folders/kl/77dw97d55y1_kplchw9htctc0000gn/T/rust_mozprofile9blQtk/search.json.mozlz4", (void 0)))
DevTools listening on ws://127.0.0.1:57326/devtools/browser/204d6657-853e-427e-b623-fa392424132f
console.warn: LoginRecipes: "Falling back to a synchronous message for: https://www.supermarktcheck.de."
1673987202993	geckodriver	INFO	Listening on 127.0.0.1:57392
1673987203492	mozrunner::runner	INFO	Running command: "/Applications/Firefox.app/Contents/MacOS/firefox-bin" "--marionette" "--remote-debugging-port" "57393" "--remote-allow-hosts" "localhost" "-foreground" "-no-remote" "-profile" "/var/folders/kl/77dw97d55y1_kplchw9htctc0000gn/T/rust_mozprofilerqOt2j"
1673987203995	Marionette	INFO	Marionette enabled
1673987204041	Marionette	INFO	Listening on port 57400
Read port: 57400
WebDriver BiDi listening on ws://127.0.0.1:57393
1673987204299	RemoteAgent	WARN	TLS certificate errors will be ignored for this session
console.warn: SearchSettings: "get: No settings file exists, new profile?" (new NotFoundError("Could not open the file at /var/folders/kl/77dw97d55y1_kplchw9htctc0000gn/T/rust_mozprofilerqOt2j/search.json.mozlz4", (void 0)))
DevTools listening on ws://127.0.0.1:57393/devtools/browser/da9a3805-b7eb-43c9-9ac9-c77a04aa1dff
console.warn: LoginRecipes: "Falling back to a synchronous message for: https://www.supermarktcheck.de."
1673987225489	geckodriver	INFO	Listening on 127.0.0.1:57459
1673987226002	mozrunner::runner	INFO	Running command: "/Applications/Firefox.app/Contents/MacOS/firefox-bin" "--marionette" "--remote-debugging-port" "57460" "--remote-allow-hosts" "localhost" "-foreground" "-no-remote" "-profile" "/var/folders/kl/77dw97d55y1_kplchw9htctc0000gn/T/rust_mozprofileOv0H5x"
1673987226513	Marionette	INFO	Marionette enabled
1673987226716	Marionette	INFO	Listening on port 57467
Read port: 57467
WebDriver BiDi listening on ws://127.0.0.1:57460
1673987226839	RemoteAgent	WARN	TLS certificate errors will be ignored for this session
console.warn: SearchSettings: "get: No settings file exists, new profile?" (new NotFoundError("Could not open the file at /var/folders/kl/77dw97d55y1_kplchw9htctc0000gn/T/rust_mozprofileOv0H5x/search.json.mozlz4", (void 0)))
DevTools listening on ws://127.0.0.1:57460/devtools/browser/31486cbc-8167-4f41-8bbd-5b5d3b34e3c0
console.warn: LoginRecipes: "Falling back to a synchronous message for: https://www.supermarktcheck.de."
1673987249060	Marionette	INFO	Stopped listening on port 57467
1673987251925	Marionette	INFO	Stopped listening on port 57400
1673987256014	Marionette	INFO	Stopped listening on port 57333
JavaScript error: , line 0: NotFoundError: No such JSWindowActor 'DevToolsFrame'
JavaScript error: , line 0: NotFoundError: No such JSWindowActor 'DevToolsFrame'
JavaScript error: , line 0: NotFoundError: No such JSWindowActor 'DevToolsFrame'
JavaScript error: , line 0: NotFoundError: No such JSWindowActor 'DevToolsFrame'
1673987290670	geckodriver	INFO	Listening on 127.0.0.1:57527
1673987291186	mozrunner::runner	INFO	Running command: "/Applications/Firefox.app/Contents/MacOS/firefox-bin" "--marionette" "--remote-debugging-port" "57528" "--remote-allow-hosts" "localhost" "-foreground" "-no-remote" "-profile" "/var/folders/kl/77dw97d55y1_kplchw9htctc0000gn/T/rust_mozprofilexBFkON"
1673987291700	Marionette	INFO	Marionette enabled
1673987291899	Marionette	INFO	Listening on port 57535
Read port: 57535
WebDriver BiDi listening on ws://127.0.0.1:57528
1673987292021	RemoteAgent	WARN	TLS certificate errors will be ignored for this session
console.warn: SearchSettings: "get: No settings file exists, new profile?" (new NotFoundError("Could not open the file at /var/folders/kl/77dw97d55y1_kplchw9htctc0000gn/T/rust_mozprofilexBFkON/search.json.mozlz4", (void 0)))
DevTools listening on ws://127.0.0.1:57528/devtools/browser/13289cba-4577-4332-970b-f3c1bb5fbb7e
console.warn: LoginRecipes: "Falling back to a synchronous message for: https://www.supermarktcheck.de."
1673987414159	geckodriver	INFO	Listening on 127.0.0.1:57604
1673987414664	mozrunner::runner	INFO	Running command: "/Applications/Firefox.app/Contents/MacOS/firefox-bin" "--marionette" "--remote-debugging-port" "57605" "--remote-allow-hosts" "localhost" "-foreground" "-no-remote" "-profile" "/var/folders/kl/77dw97d55y1_kplchw9htctc0000gn/T/rust_mozprofile1QHEoN"
1673987415182	Marionette	INFO	Marionette enabled
1673987415382	Marionette	INFO	Listening on port 57612
Read port: 57612
WebDriver BiDi listening on ws://127.0.0.1:57605
1673987415504	RemoteAgent	WARN	TLS certificate errors will be ignored for this session
console.warn: SearchSettings: "get: No settings file exists, new profile?" (new NotFoundError("Could not open the file at /var/folders/kl/77dw97d55y1_kplchw9htctc0000gn/T/rust_mozprofile1QHEoN/search.json.mozlz4", (void 0)))
DevTools listening on ws://127.0.0.1:57605/devtools/browser/c6790703-4b38-48ea-9fe7-9fb5683b8bcc
console.warn: LoginRecipes: "Falling back to a synchronous message for: https://www.supermarktcheck.de."
JavaScript error: , line 0: TypeError: NetworkError when attempting to fetch resource.
JavaScript error: , line 0: TypeError: NetworkError when attempting to fetch resource.
JavaScript error: , line 0: TypeError: NetworkError when attempting to fetch resource.
1673987714627	geckodriver	INFO	Listening on 127.0.0.1:57741
1673987715136	mozrunner::runner	INFO	Running command: "/Applications/Firefox.app/Contents/MacOS/firefox-bin" "--marionette" "--remote-debugging-port" "57742" "--remote-allow-hosts" "localhost" "-foreground" "-no-remote" "-profile" "/var/folders/kl/77dw97d55y1_kplchw9htctc0000gn/T/rust_mozprofile5IKTQH"
1673987715649	Marionette	INFO	Marionette enabled
1673987715691	Marionette	INFO	Listening on port 57749
Read port: 57749
WebDriver BiDi listening on ws://127.0.0.1:57742
1673987715972	RemoteAgent	WARN	TLS certificate errors will be ignored for this session
console.warn: SearchSettings: "get: No settings file exists, new profile?" (new NotFoundError("Could not open the file at /var/folders/kl/77dw97d55y1_kplchw9htctc0000gn/T/rust_mozprofile5IKTQH/search.json.mozlz4", (void 0)))
DevTools listening on ws://127.0.0.1:57742/devtools/browser/d06f82da-5003-415a-9af6-7e49ab529e56
console.warn: LoginRecipes: "Falling back to a synchronous message for: https://www.supermarktcheck.de."
1673987802031	geckodriver	INFO	Listening on 127.0.0.1:57815
1673987802544	mozrunner::runner	INFO	Running command: "/Applications/Firefox.app/Contents/MacOS/firefox-bin" "--marionette" "--remote-debugging-port" "57816" "--remote-allow-hosts" "localhost" "-foreground" "-no-remote" "-profile" "/var/folders/kl/77dw97d55y1_kplchw9htctc0000gn/T/rust_mozprofilewCxhca"
1673987803062	Marionette	INFO	Marionette enabled
1673987803100	Marionette	INFO	Listening on port 57823
Read port: 57823
WebDriver BiDi listening on ws://127.0.0.1:57816
1673987803283	RemoteAgent	WARN	TLS certificate errors will be ignored for this session
console.warn: SearchSettings: "get: No settings file exists, new profile?" (new NotFoundError("Could not open the file at /var/folders/kl/77dw97d55y1_kplchw9htctc0000gn/T/rust_mozprofilewCxhca/search.json.mozlz4", (void 0)))
DevTools listening on ws://127.0.0.1:57816/devtools/browser/5b157fe3-07cf-458c-9243-e131a9279b6f
console.warn: LoginRecipes: "Falling back to a synchronous message for: https://www.supermarktcheck.de."
1673987815411	Marionette	INFO	Stopped listening on port 57823
1673987820884	Marionette	INFO	Stopped listening on port 57749
JavaScript error: , line 0: NotFoundError: No such JSWindowActor 'DevToolsFrame'
JavaScript error: , line 0: NotFoundError: No such JSWindowActor 'DevToolsFrame'
JavaScript error: , line 0: NotFoundError: No such JSWindowActor 'DevToolsFrame'
JavaScript error: , line 0: NotFoundError: No such JSWindowActor 'DevToolsFrame'
1673987823484	Marionette	INFO	Stopped listening on port 57612
JavaScript error: , line 0: NotFoundError: No such JSWindowActor 'DevToolsFrame'
JavaScript error: , line 0: NotFoundError: No such JSWindowActor 'DevToolsFrame'
JavaScript error: , line 0: NotFoundError: No such JSWindowActor 'DevToolsFrame'
JavaScript error: , line 0: NotFoundError: No such JSWindowActor 'DevToolsFrame'
1673987830307	Marionette	INFO	Stopped listening on port 57535
JavaScript error: , line 0: NotFoundError: No such JSWindowActor 'DevToolsFrame'
JavaScript error: , line 0: NotFoundError: No such JSWindowActor 'DevToolsFrame'
JavaScript error: , line 0: NotFoundError: No such JSWindowActor 'DevToolsFrame'
JavaScript error: , line 0: NotFoundError: No such JSWindowActor 'DevToolsFrame'
1673987834378	geckodriver	INFO	Listening on 127.0.0.1:57882
1673987834890	mozrunner::runner	INFO	Running command: "/Applications/Firefox.app/Contents/MacOS/firefox-bin" "--marionette" "--remote-debugging-port" "57883" "--remote-allow-hosts" "localhost" "-foreground" "-no-remote" "-profile" "/var/folders/kl/77dw97d55y1_kplchw9htctc0000gn/T/rust_mozprofileJAw5jC"
1673987835370	Marionette	INFO	Marionette enabled
1673987835409	Marionette	INFO	Listening on port 57890
Read port: 57890
WebDriver BiDi listening on ws://127.0.0.1:57883
1673987835590	RemoteAgent	WARN	TLS certificate errors will be ignored for this session
console.warn: SearchSettings: "get: No settings file exists, new profile?" (new NotFoundError("Could not open the file at /var/folders/kl/77dw97d55y1_kplchw9htctc0000gn/T/rust_mozprofileJAw5jC/search.json.mozlz4", (void 0)))
DevTools listening on ws://127.0.0.1:57883/devtools/browser/2b5404b4-6f94-45ae-a00d-3e2618f69ae5
console.warn: LoginRecipes: "Falling back to a synchronous message for: https://www.supermarktcheck.de."
1673987883900	geckodriver	INFO	Listening on 127.0.0.1:57958
1673987884411	mozrunner::runner	INFO	Running command: "/Applications/Firefox.app/Contents/MacOS/firefox-bin" "--marionette" "--remote-debugging-port" "57959" "--remote-allow-hosts" "localhost" "-foreground" "-no-remote" "-profile" "/var/folders/kl/77dw97d55y1_kplchw9htctc0000gn/T/rust_mozprofilerF7Mlf"
1673987884927	Marionette	INFO	Marionette enabled
1673987884966	Marionette	INFO	Listening on port 57966
Read port: 57966
WebDriver BiDi listening on ws://127.0.0.1:57959
1673987885166	RemoteAgent	WARN	TLS certificate errors will be ignored for this session
console.warn: SearchSettings: "get: No settings file exists, new profile?" (new NotFoundError("Could not open the file at /var/folders/kl/77dw97d55y1_kplchw9htctc0000gn/T/rust_mozprofilerF7Mlf/search.json.mozlz4", (void 0)))
DevTools listening on ws://127.0.0.1:57959/devtools/browser/325eeb70-2aaa-448e-bdb0-7598513e05ce
console.warn: LoginRecipes: "Falling back to a synchronous message for: https://www.supermarktcheck.de."
1673987906685	Marionette	INFO	Stopped listening on port 57966
1673987911242	Marionette	INFO	Stopped listening on port 57890
1673987912887	geckodriver	INFO	Listening on 127.0.0.1:58021
1673987913405	mozrunner::runner	INFO	Running command: "/Applications/Firefox.app/Contents/MacOS/firefox-bin" "--marionette" "--remote-debugging-port" "58022" "--remote-allow-hosts" "localhost" "-foreground" "-no-remote" "-profile" "/var/folders/kl/77dw97d55y1_kplchw9htctc0000gn/T/rust_mozprofileWV5dP7"
1673987913883	Marionette	INFO	Marionette enabled
1673987913920	Marionette	INFO	Listening on port 58029
Read port: 58029
WebDriver BiDi listening on ws://127.0.0.1:58022
1673987914110	RemoteAgent	WARN	TLS certificate errors will be ignored for this session
console.warn: SearchSettings: "get: No settings file exists, new profile?" (new NotFoundError("Could not open the file at /var/folders/kl/77dw97d55y1_kplchw9htctc0000gn/T/rust_mozprofileWV5dP7/search.json.mozlz4", (void 0)))
DevTools listening on ws://127.0.0.1:58022/devtools/browser/78d47d2f-346d-443f-8e4c-303b84e8b75f
console.warn: LoginRecipes: "Falling back to a synchronous message for: https://www.supermarktcheck.de."
1673988179562	geckodriver	INFO	Listening on 127.0.0.1:58108
1673988180072	mozrunner::runner	INFO	Running command: "/Applications/Firefox.app/Contents/MacOS/firefox-bin" "--marionette" "--remote-debugging-port" "58109" "--remote-allow-hosts" "localhost" "-foreground" "-no-remote" "-profile" "/var/folders/kl/77dw97d55y1_kplchw9htctc0000gn/T/rust_mozprofile3XbEfy"
1673988180577	Marionette	INFO	Marionette enabled
1673988180620	Marionette	INFO	Listening on port 58116
Read port: 58116
WebDriver BiDi listening on ws://127.0.0.1:58109
1673988180900	RemoteAgent	WARN	TLS certificate errors will be ignored for this session
console.warn: SearchSettings: "get: No settings file exists, new profile?" (new NotFoundError("Could not open the file at /var/folders/kl/77dw97d55y1_kplchw9htctc0000gn/T/rust_mozprofile3XbEfy/search.json.mozlz4", (void 0)))
DevTools listening on ws://127.0.0.1:58109/devtools/browser/dd26c033-9b44-4cc2-a875-ac33d6ea7aa1
1673988183235	Marionette	INFO	Stopped listening on port 58029
JavaScript error: , line 0: NotFoundError: No such JSWindowActor 'DevToolsFrame'
JavaScript error: , line 0: NotFoundError: No such JSWindowActor 'DevToolsFrame'
JavaScript error: , line 0: NotFoundError: No such JSWindowActor 'DevToolsFrame'
JavaScript error: , line 0: NotFoundError: No such JSWindowActor 'DevToolsFrame'
console.warn: LoginRecipes: "Falling back to a synchronous message for: https://www.supermarktcheck.de."
1673988250262	Marionette	INFO	Stopped listening on port 58116
JavaScript error: , line 0: NotFoundError: No such JSWindowActor 'DevToolsFrame'
JavaScript error: , line 0: NotFoundError: No such JSWindowActor 'DevToolsFrame'
JavaScript error: , line 0: NotFoundError: No such JSWindowActor 'DevToolsFrame'
JavaScript error: , line 0: NotFoundError: No such JSWindowActor 'DevToolsFrame'
1673988251441	geckodriver	INFO	Listening on 127.0.0.1:58195
1673988251962	mozrunner::runner	INFO	Running command: "/Applications/Firefox.app/Contents/MacOS/firefox-bin" "--marionette" "--remote-debugging-port" "58196" "--remote-allow-hosts" "localhost" "-foreground" "-no-remote" "-profile" "/var/folders/kl/77dw97d55y1_kplchw9htctc0000gn/T/rust_mozprofilenTfBV8"
1673988252468	Marionette	INFO	Marionette enabled
1673988252507	Marionette	INFO	Listening on port 58203
Read port: 58203
WebDriver BiDi listening on ws://127.0.0.1:58196
1673988252692	RemoteAgent	WARN	TLS certificate errors will be ignored for this session
console.warn: SearchSettings: "get: No settings file exists, new profile?" (new NotFoundError("Could not open the file at /var/folders/kl/77dw97d55y1_kplchw9htctc0000gn/T/rust_mozprofilenTfBV8/search.json.mozlz4", (void 0)))
DevTools listening on ws://127.0.0.1:58196/devtools/browser/8ab45db2-5944-478c-9eee-55f86ba23919
console.warn: LoginRecipes: "Falling back to a synchronous message for: https://www.supermarktcheck.de."
1673988330123	geckodriver	INFO	Listening on 127.0.0.1:58263
1673988330636	mozrunner::runner	INFO	Running command: "/Applications/Firefox.app/Contents/MacOS/firefox-bin" "--marionette" "--remote-debugging-port" "58264" "--remote-allow-hosts" "localhost" "-foreground" "-no-remote" "-profile" "/var/folders/kl/77dw97d55y1_kplchw9htctc0000gn/T/rust_mozprofilerX6CpB"
1673988331131	Marionette	INFO	Marionette enabled
1673988331324	Marionette	INFO	Listening on port 58271
Read port: 58271
WebDriver BiDi listening on ws://127.0.0.1:58264
1673988331430	RemoteAgent	WARN	TLS certificate errors will be ignored for this session
console.warn: SearchSettings: "get: No settings file exists, new profile?" (new NotFoundError("Could not open the file at /var/folders/kl/77dw97d55y1_kplchw9htctc0000gn/T/rust_mozprofilerX6CpB/search.json.mozlz4", (void 0)))
DevTools listening on ws://127.0.0.1:58264/devtools/browser/ef259178-f15c-4eb1-b7f8-e95f556ffc22
console.warn: LoginRecipes: "Falling back to a synchronous message for: https://www.supermarktcheck.de."
1673988360056	Marionette	INFO	Stopped listening on port 58271
console.error: (new TypeError("container.node.targetFront is null", "resource://devtools/client/inspector/markup/markup.js", 2398))
console.warn: "Listener for event 'frame' did not return a promise."
console.warn: "Listener for event 'frame' did not return a promise."
console.warn: "Listener for event 'frame' did not return a promise."
console.warn: "Listener for event 'frame' did not return a promise."
console.warn: "Listener for event 'frame' did not return a promise."
console.warn: "Listener for event 'frame' did not return a promise."
JavaScript warning: https://pagead2.googlesyndication.com/bg/KJeI0sMyo1Q6mjhDM9mKcjS2IqRt95c1wIDqLysfd0M.js line 2 > eval line 2644 > eval line 1 > eval line 1 > eval, line 1: WEBGL_debug_renderer_info is deprecated in Firefox and will be removed. Please use RENDERER.
console.warn: "Async method failed in safeAsyncMethod" (new Error("Connection closed, pending request to server0.conn0.windowGlobal4294967322/layout138, type getGrids failed\n\nRequest stack:\nrequest@resource://devtools/shared/protocol/Front.js:300:14\ngenerateRequestMethods/</frontProto[name]@resource://devtools/shared/protocol/Front/FrontClassWithSpec.js:47:19\ngetAllGrids@resource://devtools/client/fronts/layout.js:173:17\nexports.safeAsyncMethod/<@resource://devtools/shared/async-utils.js:61:25\ngetGrids@resource://devtools/client/inspector/grids/grid-inspector.js:452:35\n", "resource://devtools/shared/protocol/Front.js", 106))
console.warn: "Listener for event 'frame' did not return a promise."
console.warn: "Listener for event 'frame' did not return a promise."
console.warn: "Listener for event 'frame' did not return a promise."
console.warn: "Listener for event 'frame' did not return a promise."
console.warn: "Listener for event 'frame' did not return a promise."
console.warn: "Listener for event 'frame' did not return a promise."
console.warn: "Listener for event 'frame' did not return a promise."
console.warn: "Listener for event 'frame' did not return a promise."
console.warn: "Listener for event 'frame' did not return a promise."
console.warn: "Listener for event 'frame' did not return a promise."
console.warn: "Listener for event 'frame' did not return a promise."
console.warn: "Listener for event 'frame' did not return a promise."
console.warn: "Listener for event 'frame' did not return a promise."
console.warn: "Listener for event 'frame' did not return a promise."
console.warn: "Listener for event 'frame' did not return a promise."
console.warn: "Listener for event 'frame' did not return a promise."
console.warn: "Listener for event 'frame' did not return a promise."
console.warn: "Listener for event 'frame' did not return a promise."
console.warn: "Listener for event 'frame' did not return a promise."
console.warn: "Listener for event 'frame' did not return a promise."
console.warn: "Listener for event 'frame' did not return a promise."
console.warn: "Listener for event 'frame' did not return a promise."
console.error: "Error when attaching target:" (new Error("Connection closed, pending request to server0.conn0.windowGlobal4294967408/thread1, type isAttached failed\n\nRequest stack:\nrequest@resource://devtools/shared/protocol/Front.js:300:14\ngenerateRequestMethods/</frontProto[name]@resource://devtools/shared/protocol/Front/FrontClassWithSpec.js:47:19\nattachThread@resource://devtools/client/fronts/targets/target-mixin.js:566:49\n", "resource://devtools/shared/protocol/Front.js", 106))
console.warn: "Listener for event 'frame' did not return a promise."
console.error: "Error when attaching target:" (new Error("Connection closed, pending request to server0.conn0.windowGlobal4294967409/thread1, type isAttached failed\n\nRequest stack:\nrequest@resource://devtools/shared/protocol/Front.js:300:14\ngenerateRequestMethods/</frontProto[name]@resource://devtools/shared/protocol/Front/FrontClassWithSpec.js:47:19\nattachThread@resource://devtools/client/fronts/targets/target-mixin.js:566:49\n", "resource://devtools/shared/protocol/Front.js", 106))
console.warn: "Listener for event 'frame' did not return a promise."
console.error: (new Error("Unexpected packet server0.conn0.windowGlobal4294967409/thread1, {\"value\":true,\"from\":\"server0.conn0.windowGlobal4294967409/thread1\"}", "resource://devtools/shared/protocol/Front.js", 362))
Handler function LocalDebuggerTransport instance's this.other.hooks.onPacket threw an exception: Error: Unexpected packet server0.conn0.windowGlobal4294967409/thread1, {"value":true,"from":"server0.conn0.windowGlobal4294967409/thread1"}
Stack: onPacket@resource://devtools/shared/protocol/Front.js:362:24
onPacket@resource://devtools/client/devtools-client.js:488:13
send/<@resource://devtools/shared/transport/local-transport.js:67:25
exports.makeInfallible/<@resource://devtools/shared/ThreadSafeDevToolsUtils.js:103:22
exports.makeInfallible/<@resource://devtools/shared/ThreadSafeDevToolsUtils.js:103:22
Line: 362, column: 24
console.error: (new Error("Unexpected packet server0.conn0.windowGlobal4294967409/thread1, {\"value\":true,\"from\":\"server0.conn0.windowGlobal4294967409/thread1\"}", "resource://devtools/shared/protocol/Front.js", 362))
console.error: "Error when attaching target:" (new Error("Connection closed, pending request to server0.conn0.windowGlobal4294967410/thread1, type isAttached failed\n\nRequest stack:\nrequest@resource://devtools/shared/protocol/Front.js:300:14\ngenerateRequestMethods/</frontProto[name]@resource://devtools/shared/protocol/Front/FrontClassWithSpec.js:47:19\nattachThread@resource://devtools/client/fronts/targets/target-mixin.js:566:49\n", "resource://devtools/shared/protocol/Front.js", 106))
console.error: "Error when attaching target:" (new Error("Connection closed, pending request to server0.conn0.windowGlobal4294967411/thread1, type isAttached failed\n\nRequest stack:\nrequest@resource://devtools/shared/protocol/Front.js:300:14\ngenerateRequestMethods/</frontProto[name]@resource://devtools/shared/protocol/Front/FrontClassWithSpec.js:47:19\nattachThread@resource://devtools/client/fronts/targets/target-mixin.js:566:49\n", "resource://devtools/shared/protocol/Front.js", 106))
console.warn: "Listener for event 'frame' did not return a promise."
console.error: "Error when attaching target:" (new Error("Connection closed, pending request to server0.conn0.windowGlobal4294967413/thread1, type isAttached failed\n\nRequest stack:\nrequest@resource://devtools/shared/protocol/Front.js:300:14\ngenerateRequestMethods/</frontProto[name]@resource://devtools/shared/protocol/Front/FrontClassWithSpec.js:47:19\nattachThread@resource://devtools/client/fronts/targets/target-mixin.js:566:49\n", "resource://devtools/shared/protocol/Front.js", 106))
console.warn: "Listener for event 'frame' did not return a promise."
console.warn: "Listener for event 'frame' did not return a promise."
console.warn: "Listener for event 'frame' did not return a promise."
console.warn: "Listener for event 'frame' did not return a promise."
console.error: "Error when attaching target:" (new Error("Connection closed, pending request to server0.conn0.windowGlobal4294967415/thread1, type isAttached failed\n\nRequest stack:\nrequest@resource://devtools/shared/protocol/Front.js:300:14\ngenerateRequestMethods/</frontProto[name]@resource://devtools/shared/protocol/Front/FrontClassWithSpec.js:47:19\nattachThread@resource://devtools/client/fronts/targets/target-mixin.js:566:49\n", "resource://devtools/shared/protocol/Front.js", 106))
console.warn: "Listener for event 'frame' did not return a promise."
console.error: "Error when attaching target:" (new Error("Connection closed, pending request to server0.conn0.windowGlobal4294967416/thread1, type isAttached failed\n\nRequest stack:\nrequest@resource://devtools/shared/protocol/Front.js:300:14\ngenerateRequestMethods/</frontProto[name]@resource://devtools/shared/protocol/Front/FrontClassWithSpec.js:47:19\nattachThread@resource://devtools/client/fronts/targets/target-mixin.js:566:49\n", "resource://devtools/shared/protocol/Front.js", 106))
console.warn: "Listener for event 'frame' did not return a promise."
console.error: "Error when attaching target:" (new Error("Connection closed, pending request to server0.conn0.windowGlobal4294967417/thread1, type isAttached failed\n\nRequest stack:\nrequest@resource://devtools/shared/protocol/Front.js:300:14\ngenerateRequestMethods/</frontProto[name]@resource://devtools/shared/protocol/Front/FrontClassWithSpec.js:47:19\nattachThread@resource://devtools/client/fronts/targets/target-mixin.js:566:49\n", "resource://devtools/shared/protocol/Front.js", 106))
console.warn: "Listener for event 'frame' did not return a promise."
console.warn: LoginRecipes: "Falling back to a synchronous message for: https://www.supermarktcheck.de."
console.error: "Error when attaching target:" (new Error("Connection closed, pending request to server0.conn0.windowGlobal4294967432/thread1, type isAttached failed\n\nRequest stack:\nrequest@resource://devtools/shared/protocol/Front.js:300:14\ngenerateRequestMethods/</frontProto[name]@resource://devtools/shared/protocol/Front/FrontClassWithSpec.js:47:19\nattachThread@resource://devtools/client/fronts/targets/target-mixin.js:566:49\n", "resource://devtools/shared/protocol/Front.js", 106))
console.error: "Error when attaching target:" (new Error("Connection closed, pending request to server0.conn0.windowGlobal4294967433/thread1, type isAttached failed\n\nRequest stack:\nrequest@resource://devtools/shared/protocol/Front.js:300:14\ngenerateRequestMethods/</frontProto[name]@resource://devtools/shared/protocol/Front/FrontClassWithSpec.js:47:19\nattachThread@resource://devtools/client/fronts/targets/target-mixin.js:566:49\n", "resource://devtools/shared/protocol/Front.js", 106))
console.warn: "Listener for event 'frame' did not return a promise."
console.warn: "Listener for event 'frame' did not return a promise."
console.error: "Error when attaching target:" (new Error("Connection closed, pending request to server0.conn0.windowGlobal4294967434/thread1, type isAttached failed\n\nRequest stack:\nrequest@resource://devtools/shared/protocol/Front.js:300:14\ngenerateRequestMethods/</frontProto[name]@resource://devtools/shared/protocol/Front/FrontClassWithSpec.js:47:19\nattachThread@resource://devtools/client/fronts/targets/target-mixin.js:566:49\n", "resource://devtools/shared/protocol/Front.js", 106))
console.warn: "Listener for event 'frame' did not return a promise."
console.error: "Error when attaching target:" (new Error("Connection closed, pending request to server0.conn0.windowGlobal4294967435/thread1, type isAttached failed\n\nRequest stack:\nrequest@resource://devtools/shared/protocol/Front.js:300:14\ngenerateRequestMethods/</frontProto[name]@resource://devtools/shared/protocol/Front/FrontClassWithSpec.js:47:19\nattachThread@resource://devtools/client/fronts/targets/target-mixin.js:566:49\n", "resource://devtools/shared/protocol/Front.js", 106))
console.warn: "Listener for event 'frame' did not return a promise."
console.error: "Error when attaching target:" (new Error("Connection closed, pending request to server0.conn0.windowGlobal4294967436/thread1, type isAttached failed\n\nRequest stack:\nrequest@resource://devtools/shared/protocol/Front.js:300:14\ngenerateRequestMethods/</frontProto[name]@resource://devtools/shared/protocol/Front/FrontClassWithSpec.js:47:19\nattachThread@resource://devtools/client/fronts/targets/target-mixin.js:566:49\n", "resource://devtools/shared/protocol/Front.js", 106))
console.warn: "Listener for event 'frame' did not return a promise."
console.error: "Error when attaching target:" (new Error("Connection closed, pending request to server0.conn0.windowGlobal4294967437/thread1, type isAttached failed\n\nRequest stack:\nrequest@resource://devtools/shared/protocol/Front.js:300:14\ngenerateRequestMethods/</frontProto[name]@resource://devtools/shared/protocol/Front/FrontClassWithSpec.js:47:19\nattachThread@resource://devtools/client/fronts/targets/target-mixin.js:566:49\n", "resource://devtools/shared/protocol/Front.js", 106))
console.warn: "Listener for event 'frame' did not return a promise."
console.error: (new Error("Unexpected packet server0.conn0.windowGlobal4294967437/thread1, {\"value\":true,\"from\":\"server0.conn0.windowGlobal4294967437/thread1\"}", "resource://devtools/shared/protocol/Front.js", 362))
Handler function LocalDebuggerTransport instance's this.other.hooks.onPacket threw an exception: Error: Unexpected packet server0.conn0.windowGlobal4294967437/thread1, {"value":true,"from":"server0.conn0.windowGlobal4294967437/thread1"}
Stack: onPacket@resource://devtools/shared/protocol/Front.js:362:24
onPacket@resource://devtools/client/devtools-client.js:488:13
send/<@resource://devtools/shared/transport/local-transport.js:67:25
exports.makeInfallible/<@resource://devtools/shared/ThreadSafeDevToolsUtils.js:103:22
exports.makeInfallible/<@resource://devtools/shared/ThreadSafeDevToolsUtils.js:103:22
Line: 362, column: 24
console.error: (new Error("Unexpected packet server0.conn0.windowGlobal4294967437/thread1, {\"value\":true,\"from\":\"server0.conn0.windowGlobal4294967437/thread1\"}", "resource://devtools/shared/protocol/Front.js", 362))
console.error: "Error when attaching target:" (new Error("Connection closed, pending request to server0.conn0.windowGlobal4294967438/thread1, type isAttached failed\n\nRequest stack:\nrequest@resource://devtools/shared/protocol/Front.js:300:14\ngenerateRequestMethods/</frontProto[name]@resource://devtools/shared/protocol/Front/FrontClassWithSpec.js:47:19\nattachThread@resource://devtools/client/fronts/targets/target-mixin.js:566:49\n", "resource://devtools/shared/protocol/Front.js", 106))
console.warn: "Listener for event 'frame' did not return a promise."
console.error: (new Error("Unexpected packet server0.conn0.windowGlobal4294967438/thread1, {\"value\":true,\"from\":\"server0.conn0.windowGlobal4294967438/thread1\"}", "resource://devtools/shared/protocol/Front.js", 362))
Handler function LocalDebuggerTransport instance's this.other.hooks.onPacket threw an exception: Error: Unexpected packet server0.conn0.windowGlobal4294967438/thread1, {"value":true,"from":"server0.conn0.windowGlobal4294967438/thread1"}
Stack: onPacket@resource://devtools/shared/protocol/Front.js:362:24
onPacket@resource://devtools/client/devtools-client.js:488:13
send/<@resource://devtools/shared/transport/local-transport.js:67:25
exports.makeInfallible/<@resource://devtools/shared/ThreadSafeDevToolsUtils.js:103:22
exports.makeInfallible/<@resource://devtools/shared/ThreadSafeDevToolsUtils.js:103:22
Line: 362, column: 24
console.error: (new Error("Unexpected packet server0.conn0.windowGlobal4294967438/thread1, {\"value\":true,\"from\":\"server0.conn0.windowGlobal4294967438/thread1\"}", "resource://devtools/shared/protocol/Front.js", 362))
console.error: "Error when attaching target:" (new Error("Connection closed, pending request to server0.conn0.windowGlobal4294967447/thread1, type isAttached failed\n\nRequest stack:\nrequest@resource://devtools/shared/protocol/Front.js:300:14\ngenerateRequestMethods/</frontProto[name]@resource://devtools/shared/protocol/Front/FrontClassWithSpec.js:47:19\nattachThread@resource://devtools/client/fronts/targets/target-mixin.js:566:49\n", "resource://devtools/shared/protocol/Front.js", 106))
console.warn: "Listener for event 'frame' did not return a promise."
console.warn: "Listener for event 'frame' did not return a promise."
console.error: "Error when attaching target:" (new Error("Connection closed, pending request to server0.conn0.windowGlobal4294967449/thread1, type isAttached failed\n\nRequest stack:\nrequest@resource://devtools/shared/protocol/Front.js:300:14\ngenerateRequestMethods/</frontProto[name]@resource://devtools/shared/protocol/Front/FrontClassWithSpec.js:47:19\nattachThread@resource://devtools/client/fronts/targets/target-mixin.js:566:49\n", "resource://devtools/shared/protocol/Front.js", 106))
console.warn: "Listener for event 'frame' did not return a promise."
console.error: "Error when attaching target:" (new Error("Connection closed, pending request to server0.conn0.windowGlobal4294967450/thread1, type isAttached failed\n\nRequest stack:\nrequest@resource://devtools/shared/protocol/Front.js:300:14\ngenerateRequestMethods/</frontProto[name]@resource://devtools/shared/protocol/Front/FrontClassWithSpec.js:47:19\nattachThread@resource://devtools/client/fronts/targets/target-mixin.js:566:49\n", "resource://devtools/shared/protocol/Front.js", 106))
console.warn: "Listener for event 'frame' did not return a promise."
console.error: "Error when attaching target:" (new Error("Connection closed, pending request to server0.conn0.windowGlobal4294967471/thread1, type isAttached failed\n\nRequest stack:\nrequest@resource://devtools/shared/protocol/Front.js:300:14\ngenerateRequestMethods/</frontProto[name]@resource://devtools/shared/protocol/Front/FrontClassWithSpec.js:47:19\nattachThread@resource://devtools/client/fronts/targets/target-mixin.js:566:49\n", "resource://devtools/shared/protocol/Front.js", 106))
console.warn: "Listener for event 'frame' did not return a promise."
console.error: "Error when attaching target:" (new Error("Connection closed, pending request to server0.conn0.windowGlobal4294967472/thread1, type isAttached failed\n\nRequest stack:\nrequest@resource://devtools/shared/protocol/Front.js:300:14\ngenerateRequestMethods/</frontProto[name]@resource://devtools/shared/protocol/Front/FrontClassWithSpec.js:47:19\nattachThread@resource://devtools/client/fronts/targets/target-mixin.js:566:49\n", "resource://devtools/shared/protocol/Front.js", 106))
console.warn: "Listener for event 'frame' did not return a promise."
console.warn: "Listener for event 'frame' did not return a promise."
console.warn: "Listener for event 'frame' did not return a promise."
console.warn: "Listener for event 'frame' did not return a promise."
console.warn: "Listener for event 'frame' did not return a promise."
console.error: "Error when attaching target:" (new Error("Connection closed, pending request to server0.conn0.windowGlobal4294967477/thread1, type isAttached failed\n\nRequest stack:\nrequest@resource://devtools/shared/protocol/Front.js:300:14\ngenerateRequestMethods/</frontProto[name]@resource://devtools/shared/protocol/Front/FrontClassWithSpec.js:47:19\nattachThread@resource://devtools/client/fronts/targets/target-mixin.js:566:49\n", "resource://devtools/shared/protocol/Front.js", 106))
console.error: "Error when attaching target:" (new Error("Connection closed, pending request to server0.conn0.windowGlobal4294967478/thread1, type isAttached failed\n\nRequest stack:\nrequest@resource://devtools/shared/protocol/Front.js:300:14\ngenerateRequestMethods/</frontProto[name]@resource://devtools/shared/protocol/Front/FrontClassWithSpec.js:47:19\nattachThread@resource://devtools/client/fronts/targets/target-mixin.js:566:49\n", "resource://devtools/shared/protocol/Front.js", 106))
console.warn: "Listener for event 'frame' did not return a promise."
console.warn: "Listener for event 'frame' did not return a promise."
console.error: "Error when attaching target:" (new Error("Connection closed, pending request to server0.conn0.windowGlobal4294967479/thread1, type isAttached failed\n\nRequest stack:\nrequest@resource://devtools/shared/protocol/Front.js:300:14\ngenerateRequestMethods/</frontProto[name]@resource://devtools/shared/protocol/Front/FrontClassWithSpec.js:47:19\nattachThread@resource://devtools/client/fronts/targets/target-mixin.js:566:49\n", "resource://devtools/shared/protocol/Front.js", 106))
console.warn: "Listener for event 'frame' did not return a promise."
console.error: "Error when attaching target:" (new Error("Connection closed, pending request to server0.conn0.windowGlobal4294967484/thread1, type isAttached failed\n\nRequest stack:\nrequest@resource://devtools/shared/protocol/Front.js:300:14\ngenerateRequestMethods/</frontProto[name]@resource://devtools/shared/protocol/Front/FrontClassWithSpec.js:47:19\nattachThread@resource://devtools/client/fronts/targets/target-mixin.js:566:49\n", "resource://devtools/shared/protocol/Front.js", 106))
console.warn: "Listener for event 'frame' did not return a promise."
console.error: "Error when attaching target:" (new Error("Connection closed, pending request to server0.conn0.windowGlobal4294967487/thread1, type isAttached failed\n\nRequest stack:\nrequest@resource://devtools/shared/protocol/Front.js:300:14\ngenerateRequestMethods/</frontProto[name]@resource://devtools/shared/protocol/Front/FrontClassWithSpec.js:47:19\nattachThread@resource://devtools/client/fronts/targets/target-mixin.js:566:49\n", "resource://devtools/shared/protocol/Front.js", 106))
console.warn: "Listener for event 'frame' did not return a promise."
console.error: "Error when attaching target:" (new Error("Connection closed, pending request to server0.conn0.windowGlobal4294967490/thread1, type isAttached failed\n\nRequest stack:\nrequest@resource://devtools/shared/protocol/Front.js:300:14\ngenerateRequestMethods/</frontProto[name]@resource://devtools/shared/protocol/Front/FrontClassWithSpec.js:47:19\nattachThread@resource://devtools/client/fronts/targets/target-mixin.js:566:49\n", "resource://devtools/shared/protocol/Front.js", 106))
console.warn: "Listener for event 'frame' did not return a promise."
1673988493806	geckodriver	INFO	Listening on 127.0.0.1:58526
1673988494317	mozrunner::runner	INFO	Running command: "/Applications/Firefox.app/Contents/MacOS/firefox-bin" "--marionette" "--remote-debugging-port" "58527" "--remote-allow-hosts" "localhost" "-foreground" "-no-remote" "-profile" "/var/folders/kl/77dw97d55y1_kplchw9htctc0000gn/T/rust_mozprofileNgb2Rc"
1673988494821	Marionette	INFO	Marionette enabled
1673988494867	Marionette	INFO	Listening on port 58534
Read port: 58534
WebDriver BiDi listening on ws://127.0.0.1:58527
1673988495145	RemoteAgent	WARN	TLS certificate errors will be ignored for this session
console.warn: SearchSettings: "get: No settings file exists, new profile?" (new NotFoundError("Could not open the file at /var/folders/kl/77dw97d55y1_kplchw9htctc0000gn/T/rust_mozprofileNgb2Rc/search.json.mozlz4", (void 0)))
DevTools listening on ws://127.0.0.1:58527/devtools/browser/0b86507b-3827-49e2-bc1f-2fa8198dba13
console.warn: LoginRecipes: "Falling back to a synchronous message for: https://www.supermarktcheck.de."
1673988546228	geckodriver	INFO	Listening on 127.0.0.1:58586
1673988546735	mozrunner::runner	INFO	Running command: "/Applications/Firefox.app/Contents/MacOS/firefox-bin" "--marionette" "--remote-debugging-port" "58587" "--remote-allow-hosts" "localhost" "-foreground" "-no-remote" "-profile" "/var/folders/kl/77dw97d55y1_kplchw9htctc0000gn/T/rust_mozprofileC9KXby"
1673988547252	Marionette	INFO	Marionette enabled
1673988547294	Marionette	INFO	Listening on port 58594
Read port: 58594
WebDriver BiDi listening on ws://127.0.0.1:58587
1673988547545	RemoteAgent	WARN	TLS certificate errors will be ignored for this session
console.warn: SearchSettings: "get: No settings file exists, new profile?" (new NotFoundError("Could not open the file at /var/folders/kl/77dw97d55y1_kplchw9htctc0000gn/T/rust_mozprofileC9KXby/search.json.mozlz4", (void 0)))
DevTools listening on ws://127.0.0.1:58587/devtools/browser/ceb83954-5451-42fb-88cb-a69f8915648f
console.warn: LoginRecipes: "Falling back to a synchronous message for: https://www.supermarktcheck.de."
1673988576100	geckodriver	INFO	Listening on 127.0.0.1:58657
1673988576595	mozrunner::runner	INFO	Running command: "/Applications/Firefox.app/Contents/MacOS/firefox-bin" "--marionette" "--remote-debugging-port" "58658" "--remote-allow-hosts" "localhost" "-foreground" "-no-remote" "-profile" "/var/folders/kl/77dw97d55y1_kplchw9htctc0000gn/T/rust_mozprofilemq3EsE"
1673988577086	Marionette	INFO	Marionette enabled
1673988577128	Marionette	INFO	Listening on port 58665
Read port: 58665
WebDriver BiDi listening on ws://127.0.0.1:58658
1673988577392	RemoteAgent	WARN	TLS certificate errors will be ignored for this session
console.warn: SearchSettings: "get: No settings file exists, new profile?" (new NotFoundError("Could not open the file at /var/folders/kl/77dw97d55y1_kplchw9htctc0000gn/T/rust_mozprofilemq3EsE/search.json.mozlz4", (void 0)))
DevTools listening on ws://127.0.0.1:58658/devtools/browser/ab290559-f837-4df6-9979-6067dd03550d
console.warn: LoginRecipes: "Falling back to a synchronous message for: https://www.supermarktcheck.de."
JavaScript error: , line 0: TypeError: NetworkError when attempting to fetch resource.
JavaScript error: , line 0: TypeError: NetworkError when attempting to fetch resource.
JavaScript error: , line 0: TypeError: NetworkError when attempting to fetch resource.
1673988612249	Marionette	INFO	Stopped listening on port 58665
1673988616435	Marionette	INFO	Stopped listening on port 58534
1673988625317	Marionette	INFO	Stopped listening on port 58203
JavaScript error: , line 0: NotFoundError: No such JSWindowActor 'DevToolsFrame'
JavaScript error: , line 0: NotFoundError: No such JSWindowActor 'DevToolsFrame'
JavaScript error: , line 0: NotFoundError: No such JSWindowActor 'DevToolsFrame'
JavaScript error: , line 0: NotFoundError: No such JSWindowActor 'DevToolsFrame'
JavaScript error: , line 0: NotFoundError: No such JSWindowActor 'DevToolsFrame'
JavaScript error: , line 0: NotFoundError: No such JSWindowActor 'DevToolsFrame'
JavaScript error: , line 0: NotFoundError: No such JSWindowActor 'DevToolsFrame'
JavaScript error: , line 0: NotFoundError: No such JSWindowActor 'DevToolsFrame'
JavaScript error: , line 0: NotFoundError: No such JSWindowActor 'DevToolsFrame'
JavaScript error: , line 0: NotFoundError: No such JSWindowActor 'DevToolsFrame'
JavaScript error: , line 0: NotFoundError: No such JSWindowActor 'DevToolsFrame'
JavaScript error: , line 0: NotFoundError: No such JSWindowActor 'DevToolsFrame'
JavaScript error: , line 0: NotFoundError: No such JSWindowActor 'DevToolsFrame'
JavaScript error: , line 0: NotFoundError: No such JSWindowActor 'DevToolsFrame'
JavaScript error: , line 0: NotFoundError: No such JSWindowActor 'DevToolsFrame'
JavaScript error: , line 0: NotFoundError: No such JSWindowActor 'DevToolsFrame'
JavaScript error: , line 0: NotFoundError: No such JSWindowActor 'DevToolsFrame'
JavaScript error: , line 0: NotFoundError: No such JSWindowActor 'DevToolsFrame'
JavaScript error: , line 0: NotFoundError: No such JSWindowActor 'DevToolsFrame'
JavaScript error: , line 0: NotFoundError: No such JSWindowActor 'DevToolsFrame'
JavaScript error: , line 0: NotFoundError: No such JSWindowActor 'DevToolsFrame'
JavaScript error: , line 0: NotFoundError: No such JSWindowActor 'DevToolsFrame'
JavaScript error: , line 0: NotFoundError: No such JSWindowActor 'DevToolsFrame'
JavaScript error: , line 0: NotFoundError: No such JSWindowActor 'DevToolsFrame'
JavaScript error: , line 0: NotFoundError: No such JSWindowActor 'DevToolsFrame'
JavaScript error: , line 0: NotFoundError: No such JSWindowActor 'DevToolsFrame'
JavaScript error: , line 0: NotFoundError: No such JSWindowActor 'DevToolsFrame'
JavaScript error: , line 0: NotFoundError: No such JSWindowActor 'DevToolsFrame'
JavaScript error: , line 0: NotFoundError: No such JSWindowActor 'DevToolsFrame'
JavaScript error: , line 0: NotFoundError: No such JSWindowActor 'DevToolsFrame'
JavaScript error: , line 0: NotFoundError: No such JSWindowActor 'DevToolsFrame'
JavaScript error: , line 0: NotFoundError: No such JSWindowActor 'DevToolsFrame'
JavaScript error: , line 0: NotFoundError: No such JSWindowActor 'DevToolsFrame'
JavaScript error: , line 0: NotFoundError: No such JSWindowActor 'DevToolsFrame'
JavaScript error: , line 0: NotFoundError: No such JSWindowActor 'DevToolsFrame'
JavaScript error: , line 0: NotFoundError: No such JSWindowActor 'DevToolsFrame'
JavaScript error: , line 0: NotFoundError: No such JSWindowActor 'DevToolsFrame'
JavaScript error: , line 0: NotFoundError: No such JSWindowActor 'DevToolsFrame'
JavaScript error: resource://gre/modules/AsyncShutdown.jsm, line 560: NotFoundError: No such JSWindowActor 'DevToolsFrame'
JavaScript error: resource://gre/modules/AsyncShutdown.jsm, line 560: NotFoundError: No such JSWindowActor 'DevToolsFrame'
JavaScript error: resource://gre/modules/AsyncShutdown.jsm, line 560: NotFoundError: No such JSWindowActor 'DevToolsFrame'
JavaScript error: resource://gre/modules/AsyncShutdown.jsm, line 560: NotFoundError: No such JSWindowActor 'DevToolsFrame'
JavaScript error: resource://gre/modules/AsyncShutdown.jsm, line 560: NotFoundError: No such JSWindowActor 'DevToolsFrame'
JavaScript error: resource://gre/modules/AsyncShutdown.jsm, line 560: NotFoundError: No such JSWindowActor 'DevToolsFrame'
JavaScript error: resource://gre/modules/AsyncShutdown.jsm, line 560: NotFoundError: No such JSWindowActor 'DevToolsFrame'
JavaScript error: resource://gre/modules/AsyncShutdown.jsm, line 560: NotFoundError: No such JSWindowActor 'DevToolsFrame'
JavaScript error: resource://gre/modules/AsyncShutdown.jsm, line 560: NotFoundError: No such JSWindowActor 'DevToolsFrame'
JavaScript error: resource://gre/modules/AsyncShutdown.jsm, line 560: NotFoundError: No such JSWindowActor 'DevToolsFrame'
JavaScript error: resource://gre/modules/AsyncShutdown.jsm, line 560: NotFoundError: No such JSWindowActor 'DevToolsFrame'
JavaScript error: resource://gre/modules/AsyncShutdown.jsm, line 560: NotFoundError: No such JSWindowActor 'DevToolsFrame'
JavaScript error: resource://gre/modules/AsyncShutdown.jsm, line 560: NotFoundError: No such JSWindowActor 'DevToolsFrame'
JavaScript error: resource://gre/modules/AsyncShutdown.jsm, line 560: NotFoundError: No such JSWindowActor 'DevToolsFrame'
JavaScript error: resource://gre/modules/AsyncShutdown.jsm, line 560: NotFoundError: No such JSWindowActor 'DevToolsFrame'
JavaScript error: resource://gre/modules/AsyncShutdown.jsm, line 560: NotFoundError: No such JSWindowActor 'DevToolsFrame'
JavaScript error: resource://gre/modules/AsyncShutdown.jsm, line 560: NotFoundError: No such JSWindowActor 'DevToolsFrame'
JavaScript error: resource://gre/modules/AsyncShutdown.jsm, line 560: NotFoundError: No such JSWindowActor 'DevToolsFrame'
JavaScript error: resource://gre/modules/AsyncShutdown.jsm, line 560: NotFoundError: No such JSWindowActor 'DevToolsFrame'
JavaScript error: resource://gre/modules/AsyncShutdown.jsm, line 560: NotFoundError: No such JSWindowActor 'DevToolsFrame'
JavaScript error: resource://gre/modules/AsyncShutdown.jsm, line 560: NotFoundError: No such JSWindowActor 'DevToolsFrame'
JavaScript error: resource://gre/modules/AsyncShutdown.jsm, line 560: NotFoundError: No such JSWindowActor 'DevToolsFrame'
1673988630985	Marionette	INFO	Stopped listening on port 58594
